Some params:
Fold_index: newWhale3_less, Check_start: 0, Learning rate: 0.0003, Min # of Occ.: 0, Embedding: False
!!! Sanity check !!!
Input:  ['train.py', 'newWhale3_less', '0', '3e-4', '0']

Chosen model: senet154

 start_time :2020-06-17 13:48:36 
 batch_size :12 

Initial incoming image analysis

Looking at 4126 total images.
3664 train and 462 validation images
332 train and 332 valid individuals
True True
loading bbox...
loading mask...
loading bbox...
loading bbox...

Analysis of images to be used
Train & valid image analysis:
Number of training images with at least 0 instances: 3664
Number of validation images with at least 0 instances: 462
There are 332 individuals found in train
332 out of 332 ids in valid are found in train

format: 
rate   iter  k  epoch | valid   top@1   top@5   map@5   best_t | train   top@1   map@5 | batch   top@1   map@5 | time 
--------------------------------------------------------------------------------------------------------------------------------------
Found max valid of: 14.069263458251953

At iteration: 0
0.00030  0.00 v  0.00  | 1.643    14.069    15.152    0.1448    0.6000 | 0.000    0.000    0.000 | 0.000     0.000    0.000 |  0 hr 01 min

At iteration: 27

Smoothing after 50
0.00030  0.05 l  0.64  | 1.643    14.069    15.152    0.1448    0.6000 | 2.058    1.583    0.022 | 2.092     4.167    0.047 |  0 hr 02 min  0 49

At iteration: 54

At iteration: 81

Smoothing after 50
0.00030  0.10 l  1.30  | 1.643    14.069    15.152    0.1448    0.6000 | 1.937    2.708    0.039 | 1.841     4.167    0.059 |  0 hr 04 min  0 99

At iteration: 108

At iteration: 135

Smoothing after 50
0.00030  0.15 l  1.95  | 1.643    14.069    15.152    0.1448    0.6000 | 1.813    4.333    0.061 | 1.754     6.250    0.079 |  0 hr 05 min  0 149

At iteration: 162

At iteration: 189

Smoothing after 50
0.00030  0.20 l  2.61  | 1.643    14.069    15.152    0.1448    0.6000 | 1.764    10.417    0.139 | 1.800     2.083    0.069 |  0 hr 06 min  0 199
Saving current max valid features
0.00030  0.20 v  2.62  | 1.527    14.286    31.169    0.2107    0.6000 | 1.764    10.417    0.139 | 1.800     2.083    0.069 |  0 hr 08 min

At iteration: 216

At iteration: 243

Smoothing after 50
0.00030  0.25 l  3.26  | 1.527    14.286    31.169    0.2107    0.6000 | 1.737    17.667    0.235 | 1.679     33.333    0.408 |  0 hr 09 min  0 249

At iteration: 270

At iteration: 297

Smoothing after 50
0.00030  0.30 l  3.92  | 1.527    14.286    31.169    0.2107    0.6000 | 1.713    25.000    0.319 | 1.691     39.583    0.440 |  0 hr 10 min  0 299

At iteration: 324

Smoothing after 50
0.00030  0.35 l  4.57  | 1.527    14.286    31.169    0.2107    0.6000 | 1.691    31.500    0.393 | 1.746     37.500    0.462 |  0 hr 12 min  0 349

At iteration: 351

At iteration: 378

Smoothing after 50
0.00030  0.40 l  5.23  | 1.527    14.286    31.169    0.2107    0.6000 | 1.655    37.417    0.453 | 1.637     35.417    0.458 |  0 hr 13 min  0 399
Saving current max valid features
0.00030  0.40 v  5.24  | 1.483    27.706    64.069    0.4233    0.6000 | 1.655    37.417    0.453 | 1.637     35.417    0.458 |  0 hr 14 min

At iteration: 405

At iteration: 432

Smoothing after 50
0.00030  0.45 l  5.88  | 1.483    27.706    64.069    0.4233    0.6000 | 1.619    40.667    0.498 | 1.509     47.917    0.568 |  0 hr 16 min  0 449

At iteration: 459

At iteration: 486

Smoothing after 50
0.00030  0.50 l  6.54  | 1.483    27.706    64.069    0.4233    0.6000 | 1.587    44.000    0.532 | 1.654     47.917    0.564 |  0 hr 17 min  0 499

At iteration: 513

At iteration: 540

Smoothing after 50
0.00030  0.55 l  7.19  | 1.483    27.706    64.069    0.4233    0.6000 | 1.535    46.875    0.564 | 1.558     43.750    0.566 |  0 hr 18 min  0 549

At iteration: 567

At iteration: 594

Smoothing after 50
0.00030  0.60 l  7.85  | 1.483    27.706    64.069    0.4233    0.6000 | 1.505    51.250    0.602 | 1.469     56.250    0.632 |  0 hr 19 min  0 599
Saving current max valid features
0.00030  0.60 v  7.86  | 1.386    53.030    76.623    0.6306    0.6000 | 1.505    51.250    0.602 | 1.469     56.250    0.632 |  0 hr 21 min

At iteration: 621

At iteration: 648

Smoothing after 50
0.00030  0.65 l  8.50  | 1.386    53.030    76.623    0.6306    0.6000 | 1.456    52.667    0.628 | 1.497     54.167    0.648 |  0 hr 22 min  0 649

At iteration: 675

Smoothing after 50
0.00030  0.70 l  9.16  | 1.386    53.030    76.623    0.6306    0.6000 | 1.403    57.875    0.679 | 1.333     58.333    0.688 |  0 hr 24 min  0 699

At iteration: 702

At iteration: 729

Smoothing after 50
0.00030  0.75 l  9.81  | 1.386    53.030    76.623    0.6306    0.6000 | 1.394    60.625    0.707 | 1.308     66.667    0.751 |  0 hr 25 min  0 749

At iteration: 756

At iteration: 783

Smoothing after 50
0.00030  0.80 l 10.47  | 1.386    53.030    76.623    0.6306    0.6000 | 1.343    63.875    0.745 | 1.368     62.500    0.715 |  0 hr 26 min  0 799
Saving current max valid features
0.00030  0.80 v 10.48  | 1.285    64.935    82.251    0.7197    0.5000 | 1.343    63.875    0.745 | 1.368     62.500    0.715 |  0 hr 28 min

At iteration: 810

At iteration: 837

Smoothing after 50
0.00030  0.85 l 11.12  | 1.285    64.935    82.251    0.7197    0.5000 | 1.308    65.667    0.761 | 1.259     72.917    0.802 |  0 hr 29 min  0 849

At iteration: 864

At iteration: 891

Smoothing after 50
0.00030  0.90 l 11.78  | 1.285    64.935    82.251    0.7197    0.5000 | 1.264    70.375    0.803 | 1.152     91.667    0.938 |  0 hr 30 min  0 899

At iteration: 918

At iteration: 945

Smoothing after 50
0.00030  0.95 l 12.43  | 1.285    64.935    82.251    0.7197    0.5000 | 1.239    71.292    0.813 | 1.236     81.250    0.855 |  0 hr 31 min  0 949

At iteration: 972

At iteration: 999

Smoothing after 50
0.00030  1.00 l 13.09  | 1.285    64.935    82.251    0.7197    0.5000 | 1.210    71.500    0.818 | 1.287     75.000    0.821 |  0 hr 33 min  0 999
Saving current max valid features
0.00030  1.00 v 13.10  | 1.202    66.883    83.766    0.7422    0.5000 | 1.210    71.500    0.818 | 1.287     75.000    0.821 |  0 hr 34 min

At iteration: 1026

Smoothing after 50
0.00030  1.05 l 13.74  | 1.202    66.883    83.766    0.7422    0.5000 | 1.159    76.417    0.859 | 1.120     87.500    0.934 |  0 hr 36 min  0 1049

At iteration: 1053

At iteration: 1080

Smoothing after 50
0.00030  1.10 l 14.40  | 1.202    66.883    83.766    0.7422    0.5000 | 1.135    76.833    0.860 | 1.308     77.083    0.837 |  0 hr 37 min  0 1099

At iteration: 1107

At iteration: 1134

Smoothing after 50
0.00030  1.15 l 15.05  | 1.202    66.883    83.766    0.7422    0.5000 | 1.099    78.792    0.874 | 1.163     66.667    0.793 |  0 hr 38 min  0 1149

At iteration: 1161

At iteration: 1188

Smoothing after 50
0.00030  1.20 l 15.71  | 1.202    66.883    83.766    0.7422    0.5000 | 1.060    80.500    0.889 | 1.086     81.250    0.906 |  0 hr 39 min  0 1199
Saving current max valid features
0.00030  1.20 v 15.72  | 1.155    68.182    81.602    0.7367    0.5000 | 1.060    80.500    0.889 | 1.086     81.250    0.906 |  0 hr 41 min

At iteration: 1215

At iteration: 1242

Smoothing after 50
0.00030  1.25 l 16.36  | 1.155    68.182    81.602    0.7367    0.5000 | 1.018    81.542    0.892 | 0.994     85.417    0.917 |  0 hr 42 min  0 1249

At iteration: 1269

At iteration: 1296

Smoothing after 50
0.00030  1.30 l 17.02  | 1.155    68.182    81.602    0.7367    0.5000 | 1.002    81.375    0.895 | 0.958     68.750    0.840 |  0 hr 44 min  0 1299

At iteration: 1323

Smoothing after 50
0.00030  1.35 l 17.67  | 1.155    68.182    81.602    0.7367    0.5000 | 0.966    81.500    0.897 | 0.925     85.417    0.927 |  0 hr 45 min  0 1349

At iteration: 1350

At iteration: 1377

Smoothing after 50
0.00030  1.40 l 18.33  | 1.155    68.182    81.602    0.7367    0.5000 | 0.942    83.500    0.907 | 0.962     81.250    0.891 |  0 hr 46 min  0 1399
Saving current max valid features
0.00030  1.40 v 18.34  | 1.099    69.697    84.199    0.7567    0.4000 | 0.942    83.500    0.907 | 0.962     81.250    0.891 |  0 hr 48 min

At iteration: 1404

At iteration: 1431

Smoothing after 50
0.00030  1.45 l 18.98  | 1.099    69.697    84.199    0.7567    0.4000 | 0.916    83.792    0.909 | 0.961     89.583    0.948 |  0 hr 49 min  0 1449

At iteration: 1458

At iteration: 1485

Smoothing after 50
0.00030  1.50 l 19.64  | 1.099    69.697    84.199    0.7567    0.4000 | 0.884    84.250    0.914 | 0.878     83.333    0.917 |  0 hr 50 min  0 1499

At iteration: 1512

At iteration: 1539

Smoothing after 50
0.00030  1.55 l 20.29  | 1.099    69.697    84.199    0.7567    0.4000 | 0.865    84.667    0.917 | 0.859     83.333    0.903 |  0 hr 51 min  0 1549

At iteration: 1566

At iteration: 1593

Smoothing after 50
0.00030  1.60 l 20.95  | 1.099    69.697    84.199    0.7567    0.4000 | 0.854    83.667    0.911 | 0.759     93.750    0.965 |  0 hr 53 min  0 1599
0.00030  1.60 v 20.96  | 1.083    69.048    82.900    0.7465    0.4000 | 0.854    83.667    0.911 | 0.759     93.750    0.965 |  0 hr 54 min

At iteration: 1620

At iteration: 1647

Smoothing after 50
0.00030  1.65 l 21.60  | 1.083    69.048    82.900    0.7465    0.4000 | 0.806    85.375    0.921 | 0.826     87.500    0.938 |  0 hr 55 min  0 1649

At iteration: 1674

Smoothing after 50
0.00030  1.70 l 22.26  | 1.083    69.048    82.900    0.7465    0.4000 | 0.794    85.625    0.923 | 0.901     87.500    0.929 |  0 hr 57 min  0 1699

At iteration: 1701

At iteration: 1728

Smoothing after 50
0.00030  1.75 l 22.91  | 1.083    69.048    82.900    0.7465    0.4000 | 0.768    86.667    0.929 | 0.766     85.417    0.917 |  0 hr 58 min  0 1749

At iteration: 1755

At iteration: 1782
