Some params:
Fold_index: final2, Check_start: 0, Learning rate: 0.0003, Min # of Occ.: 0, Embedding: False
!!! Sanity check !!!
Input:  ['train.py', 'final2', '0', '3e-4', '0']

Chosen model: senet154

 start_time :2020-07-19 12:37:52 
 batch_size :12 

Initial incoming image analysis

Looking at 5106 total images.
4614 train and 492 validation images
840 train and 332 valid individuals
loading bbox...
loading mask...
loading bbox...
loading bbox...

Analysis of images to be used
Train & valid image analysis:
Number of training images with at least 0 instances: 4614
Number of validation images with at least 0 instances: 492
There are 840 individuals found in train
332 out of 332 ids in valid are found in train

format: 
rate   iter  k  epoch | valid   top@1   top@5   map@5   best_t | train   top@1   map@5 | batch   top@1   map@5 | time 
--------------------------------------------------------------------------------------------------------------------------------------
Found max valid of: 84.34959411621094

At iteration: 0
New max valid for this run
0.00030  0.00 v  0.00  | 1.373    32.114    32.317    32.724    0.3216    0.6000 | 0.000    0.000    0.000 | 0.000     0.000    0.000 |  0 hr 00 min

Smoothing after 50
e: known: [tensor([0.], device='cuda:0'), tensor([0.], device='cuda:0'), tensor([0.], device='cuda:0')], new: [tensor([0.], device='cuda:0'), tensor([0.], device='cuda:0'), tensor([0.], device='cuda:0')], top5: tensor([0.], device='cuda:0')
0.00030  0.05 l  0.51  | 1.373    32.114    32.317    0.3216    0.6000 | 1.773    0.208    0.003 | 1.708     0.000    0.000 |  0 hr 01 min  0 49

At iteration: 70

Smoothing after 50
e: known: [tensor([0.], device='cuda:0'), tensor([0.], device='cuda:0'), tensor([0.], device='cuda:0')], new: [tensor([0.], device='cuda:0'), tensor([0.], device='cuda:0'), tensor([0.], device='cuda:0')], top5: tensor([0.], device='cuda:0')
0.00030  0.10 l  1.03  | 1.373    32.114    32.317    0.3216    0.6000 | 1.634    0.500    0.009 | 1.578     0.000    0.000 |  0 hr 02 min  0 99

At iteration: 140

Smoothing after 50
e: known: [tensor([2.7778], device='cuda:0'), tensor([8.3333], device='cuda:0'), tensor([13.8889], device='cuda:0')], new: [tensor([0.], device='cuda:0'), tensor([0.], device='cuda:0'), tensor([0.], device='cuda:0')], top5: tensor([6.2500], device='cuda:0')
0.00030  0.15 l  1.55  | 1.373    32.114    32.317    0.3216    0.6000 | 1.617    0.667    0.013 | 1.659     2.083    0.036 |  0 hr 03 min  0 149

Smoothing after 50
e: known: [tensor([2.7778], device='cuda:0'), tensor([5.5556], device='cuda:0'), tensor([11.1111], device='cuda:0')], new: [tensor([0.], device='cuda:0'), tensor([0.], device='cuda:0'), tensor([8.3333], device='cuda:0')], top5: tensor([4.1667], device='cuda:0')
0.00030  0.20 l  2.07  | 1.373    32.114    32.317    0.3216    0.6000 | 1.620    1.458    0.022 | 1.670     2.083    0.028 |  0 hr 05 min  0 199
0.00030  0.20 v  2.08  | 1.231    32.114    35.569    39.228    0.3326    0.6000 | 1.620    1.458    0.022 | 1.670     2.083    0.028 |  0 hr 05 min

At iteration: 210

Smoothing after 50
e: known: [tensor([8.3333], device='cuda:0'), tensor([8.3333], device='cuda:0'), tensor([11.1111], device='cuda:0')], new: [tensor([0.], device='cuda:0'), tensor([0.], device='cuda:0'), tensor([0.], device='cuda:0')], top5: tensor([6.2500], device='cuda:0')
0.00030  0.25 l  2.59  | 1.231    32.114    35.569    0.3326    0.6000 | 1.624    2.500    0.038 | 1.616     6.250    0.062 |  0 hr 06 min  0 249

At iteration: 280

Smoothing after 50
e: known: [tensor([13.8889], device='cuda:0'), tensor([22.2222], device='cuda:0'), tensor([27.7778], device='cuda:0')], new: [tensor([0.], device='cuda:0'), tensor([0.], device='cuda:0'), tensor([8.3333], device='cuda:0')], top5: tensor([16.6667], device='cuda:0')
0.00030  0.30 l  3.11  | 1.231    32.114    35.569    0.3326    0.6000 | 1.611    3.208    0.048 | 1.510     10.417    0.132 |  0 hr 07 min  0 299

Smoothing after 50
e: known: [tensor([2.7778], device='cuda:0'), tensor([13.8889], device='cuda:0'), tensor([25.], device='cuda:0')], new: [tensor([0.], device='cuda:0'), tensor([0.], device='cuda:0'), tensor([0.], device='cuda:0')], top5: tensor([10.4167], device='cuda:0')
0.00030  0.35 l  3.63  | 1.231    32.114    35.569    0.3326    0.6000 | 1.621    3.750    0.052 | 1.652     2.083    0.046 |  0 hr 08 min  0 349

At iteration: 350

Smoothing after 50
e: known: [tensor([2.7778], device='cuda:0'), tensor([16.6667], device='cuda:0'), tensor([22.2222], device='cuda:0')], new: [tensor([0.], device='cuda:0'), tensor([0.], device='cuda:0'), tensor([0.], device='cuda:0')], top5: tensor([12.5000], device='cuda:0')
0.00030  0.40 l  4.15  | 1.231    32.114    35.569    0.3326    0.6000 | 1.597    6.000    0.085 | 1.703     2.083    0.045 |  0 hr 10 min  0 399
0.00030  0.40 v  4.16  | 1.233    32.114    43.089    47.967    0.3635    0.6000 | 1.597    6.000    0.085 | 1.703     2.083    0.045 |  0 hr 10 min

At iteration: 420

Smoothing after 50
e: known: [tensor([27.7778], device='cuda:0'), tensor([30.5556], device='cuda:0'), tensor([33.3333], device='cuda:0')], new: [tensor([0.], device='cuda:0'), tensor([0.], device='cuda:0'), tensor([0.], device='cuda:0')], top5: tensor([22.9167], device='cuda:0')
0.00030  0.45 l  4.67  | 1.233    32.114    43.089    0.3635    0.6000 | 1.592    6.833    0.093 | 1.539     20.833    0.219 |  0 hr 11 min  0 449

At iteration: 490

Smoothing after 50
e: known: [tensor([11.1111], device='cuda:0'), tensor([22.2222], device='cuda:0'), tensor([25.], device='cuda:0')], new: [tensor([0.], device='cuda:0'), tensor([0.], device='cuda:0'), tensor([0.], device='cuda:0')], top5: tensor([16.6667], device='cuda:0')
0.00030  0.50 l  5.19  | 1.233    32.114    43.089    0.3635    0.6000 | 1.589    6.917    0.103 | 1.677     8.333    0.106 |  0 hr 12 min  0 499

Smoothing after 50
e: known: [tensor([11.1111], device='cuda:0'), tensor([25.], device='cuda:0'), tensor([33.3333], device='cuda:0')], new: [tensor([0.], device='cuda:0'), tensor([0.], device='cuda:0'), tensor([0.], device='cuda:0')], top5: tensor([18.7500], device='cuda:0')
0.00030  0.55 l  5.71  | 1.233    32.114    43.089    0.3635    0.6000 | 1.582    8.792    0.124 | 1.558     8.333    0.115 |  0 hr 13 min  0 549

At iteration: 560

Smoothing after 50
e: known: [tensor([16.6667], device='cuda:0'), tensor([38.8889], device='cuda:0'), tensor([47.2222], device='cuda:0')], new: [tensor([0.], device='cuda:0'), tensor([0.], device='cuda:0'), tensor([0.], device='cuda:0')], top5: tensor([29.1667], device='cuda:0')
0.00030  0.60 l  6.23  | 1.233    32.114    43.089    0.3635    0.6000 | 1.559    10.625    0.151 | 1.592     12.500    0.195 |  0 hr 14 min  0 599
New max valid for this run
0.00030  0.60 v  6.24  | 1.303    32.317    46.951    54.268    0.3765    0.7000 | 1.559    10.625    0.151 | 1.592     12.500    0.195 |  0 hr 15 min

At iteration: 630

Smoothing after 50
e: known: [tensor([30.5556], device='cuda:0'), tensor([44.4444], device='cuda:0'), tensor([55.5556], device='cuda:0')], new: [tensor([0.], device='cuda:0'), tensor([0.], device='cuda:0'), tensor([0.], device='cuda:0')], top5: tensor([33.3333], device='cuda:0')
0.00030  0.65 l  6.75  | 1.303    32.317    46.951    0.3765    0.7000 | 1.551    14.583    0.195 | 1.516     22.917    0.263 |  0 hr 16 min  0 649

Smoothing after 50
e: known: [tensor([33.3333], device='cuda:0'), tensor([47.2222], device='cuda:0'), tensor([52.7778], device='cuda:0')], new: [tensor([0.], device='cuda:0'), tensor([0.], device='cuda:0'), tensor([0.], device='cuda:0')], top5: tensor([35.4167], device='cuda:0')
0.00030  0.70 l  7.27  | 1.303    32.317    46.951    0.3765    0.7000 | 1.551    14.833    0.204 | 1.570     25.000    0.289 |  0 hr 17 min  0 699

At iteration: 700

Smoothing after 50
e: known: [tensor([25.], device='cuda:0'), tensor([58.3333], device='cuda:0'), tensor([66.6667], device='cuda:0')], new: [tensor([0.], device='cuda:0'), tensor([0.], device='cuda:0'), tensor([0.], device='cuda:0')], top5: tensor([43.7500], device='cuda:0')
0.00030  0.75 l  7.79  | 1.303    32.317    46.951    0.3765    0.7000 | 1.540    19.083    0.253 | 1.443     18.750    0.294 |  0 hr 18 min  0 749

At iteration: 770

Smoothing after 50
e: known: [tensor([19.4444], device='cuda:0'), tensor([55.5556], device='cuda:0'), tensor([63.8889], device='cuda:0')], new: [tensor([0.], device='cuda:0'), tensor([0.], device='cuda:0'), tensor([8.3333], device='cuda:0')], top5: tensor([41.6667], device='cuda:0')
0.00030  0.80 l  8.31  | 1.303    32.317    46.951    0.3765    0.7000 | 1.511    21.500    0.285 | 1.519     14.583    0.238 |  0 hr 19 min  0 799
New max valid for this run
0.00030  0.80 v  8.32  | 1.251    38.618    62.805    70.935    0.4802    0.6000 | 1.511    21.500    0.285 | 1.519     14.583    0.238 |  0 hr 20 min

At iteration: 840

Smoothing after 50
e: known: [tensor([22.2222], device='cuda:0'), tensor([58.3333], device='cuda:0'), tensor([72.2222], device='cuda:0')], new: [tensor([0.], device='cuda:0'), tensor([0.], device='cuda:0'), tensor([0.], device='cuda:0')], top5: tensor([43.7500], device='cuda:0')
0.00030  0.85 l  8.83  | 1.251    38.618    62.805    0.4802    0.6000 | 1.503    25.542    0.325 | 1.549     16.667    0.277 |  0 hr 21 min  0 849

Smoothing after 50
e: known: [tensor([36.1111], device='cuda:0'), tensor([52.7778], device='cuda:0'), tensor([63.8889], device='cuda:0')], new: [tensor([0.], device='cuda:0'), tensor([0.], device='cuda:0'), tensor([0.], device='cuda:0')], top5: tensor([39.5833], device='cuda:0')
0.00030  0.90 l  9.35  | 1.251    38.618    62.805    0.4802    0.6000 | 1.484    28.208    0.351 | 1.483     27.083    0.319 |  0 hr 22 min  0 899

At iteration: 910

Smoothing after 50
e: known: [tensor([47.2222], device='cuda:0'), tensor([80.5555], device='cuda:0'), tensor([83.3333], device='cuda:0')], new: [tensor([0.], device='cuda:0'), tensor([0.], device='cuda:0'), tensor([0.], device='cuda:0')], top5: tensor([60.4167], device='cuda:0')
0.00030  0.95 l  9.87  | 1.251    38.618    62.805    0.4802    0.6000 | 1.456    34.250    0.414 | 1.404     35.417    0.464 |  0 hr 23 min  0 949

At iteration: 980

Smoothing after 50
e: known: [tensor([55.5556], device='cuda:0'), tensor([77.7778], device='cuda:0'), tensor([80.5555], device='cuda:0')], new: [tensor([0.], device='cuda:0'), tensor([0.], device='cuda:0'), tensor([0.], device='cuda:0')], top5: tensor([58.3333], device='cuda:0')
0.00030  1.00 l 10.39  | 1.251    38.618    62.805    0.4802    0.6000 | 1.438    34.833    0.421 | 1.365     41.667    0.493 |  0 hr 24 min  0 999
New max valid for this run
0.00030  1.00 v 10.40  | 1.191    46.138    75.610    81.911    0.5859    0.6000 | 1.438    34.833    0.421 | 1.365     41.667    0.493 |  0 hr 24 min

Smoothing after 50
e: known: [tensor([55.5556], device='cuda:0'), tensor([72.2222], device='cuda:0'), tensor([77.7778], device='cuda:0')], new: [tensor([0.], device='cuda:0'), tensor([0.], device='cuda:0'), tensor([0.], device='cuda:0')], top5: tensor([54.1667], device='cuda:0')
0.00030  1.05 l 10.91  | 1.191    46.138    75.610    0.5859    0.6000 | 1.434    36.333    0.439 | 1.346     41.667    0.467 |  0 hr 26 min  0 1049

At iteration: 1050

Smoothing after 50
e: known: [tensor([50.], device='cuda:0'), tensor([83.3333], device='cuda:0'), tensor([83.3333], device='cuda:0')], new: [tensor([0.], device='cuda:0'), tensor([0.], device='cuda:0'), tensor([0.], device='cuda:0')], top5: tensor([62.5000], device='cuda:0')
0.00030  1.10 l 11.43  | 1.191    46.138    75.610    0.5859    0.6000 | 1.406    42.875    0.498 | 1.395     37.500    0.469 |  0 hr 27 min  0 1099

At iteration: 1120

Smoothing after 50
e: known: [tensor([66.6667], device='cuda:0'), tensor([83.3333], device='cuda:0'), tensor([91.6667], device='cuda:0')], new: [tensor([8.3333], device='cuda:0'), tensor([8.3333], device='cuda:0'), tensor([16.6667], device='cuda:0')], top5: tensor([64.5833], device='cuda:0')
0.00030  1.15 l 11.95  | 1.191    46.138    75.610    0.5859    0.6000 | 1.389    44.167    0.513 | 1.363     52.083    0.565 |  0 hr 28 min  0 1149

At iteration: 1190

Smoothing after 50
e: known: [tensor([69.4444], device='cuda:0'), tensor([88.8889], device='cuda:0'), tensor([91.6667], device='cuda:0')], new: [tensor([0.], device='cuda:0'), tensor([8.3333], device='cuda:0'), tensor([8.3333], device='cuda:0')], top5: tensor([68.7500], device='cuda:0')
0.00030  1.20 l 12.47  | 1.191    46.138    75.610    0.5859    0.6000 | 1.372    47.542    0.547 | 1.319     52.083    0.589 |  0 hr 29 min  0 1199
New max valid for this run
0.00030  1.20 v 12.48  | 1.188    59.756    81.301    83.943    0.6864    0.6000 | 1.372    47.542    0.547 | 1.319     52.083    0.589 |  0 hr 29 min

Smoothing after 50
e: known: [tensor([58.3333], device='cuda:0'), tensor([91.6667], device='cuda:0'), tensor([91.6667], device='cuda:0')], new: [tensor([0.], device='cuda:0'), tensor([16.6667], device='cuda:0'), tensor([50.], device='cuda:0')], top5: tensor([72.9167], device='cuda:0')
0.00030  1.25 l 12.99  | 1.188    59.756    81.301    0.6864    0.6000 | 1.353    50.042    0.568 | 1.358     43.750    0.553 |  0 hr 31 min  0 1249

At iteration: 1260

Smoothing after 50
e: known: [tensor([66.6667], device='cuda:0'), tensor([80.5555], device='cuda:0'), tensor([83.3333], device='cuda:0')], new: [tensor([0.], device='cuda:0'), tensor([0.], device='cuda:0'), tensor([16.6667], device='cuda:0')], top5: tensor([60.4167], device='cuda:0')
0.00030  1.30 l 13.51  | 1.188    59.756    81.301    0.6864    0.6000 | 1.333    54.083    0.601 | 1.322     50.000    0.549 |  0 hr 32 min  0 1299

At iteration: 1330

Smoothing after 50
e: known: [tensor([77.7778], device='cuda:0'), tensor([97.2222], device='cuda:0'), tensor([100.], device='cuda:0')], new: [tensor([0.], device='cuda:0'), tensor([16.6667], device='cuda:0'), tensor([25.], device='cuda:0')], top5: tensor([77.0833], device='cuda:0')
0.00030  1.35 l 14.03  | 1.188    59.756    81.301    0.6864    0.6000 | 1.302    56.042    0.620 | 1.257     58.333    0.643 |  0 hr 33 min  0 1349

Smoothing after 50
e: known: [tensor([63.8889], device='cuda:0'), tensor([80.5555], device='cuda:0'), tensor([80.5555], device='cuda:0')], new: [tensor([0.], device='cuda:0'), tensor([25.], device='cuda:0'), tensor([25.], device='cuda:0')], top5: tensor([66.6667], device='cuda:0')
0.00030  1.40 l 14.55  | 1.188    59.756    81.301    0.6864    0.6000 | 1.304    56.625    0.621 | 1.428     47.917    0.553 |  0 hr 34 min  0 1399

At iteration: 1400
New max valid for this run
0.00030  1.40 v 14.56  | 1.111    62.805    82.927    86.179    0.7156    0.6000 | 1.304    56.625    0.621 | 1.428     47.917    0.553 |  0 hr 34 min

Smoothing after 50
e: known: [tensor([91.6667], device='cuda:0'), tensor([97.2222], device='cuda:0'), tensor([100.], device='cuda:0')], new: [tensor([8.3333], device='cuda:0'), tensor([25.], device='cuda:0'), tensor([33.3333], device='cuda:0')], top5: tensor([79.1667], device='cuda:0')
0.00030  1.45 l 15.07  | 1.111    62.805    82.927    0.7156    0.6000 | 1.264    58.250    0.640 | 1.185     70.833    0.745 |  0 hr 36 min  0 1449

At iteration: 1470

Smoothing after 50
e: known: [tensor([86.1111], device='cuda:0'), tensor([97.2222], device='cuda:0'), tensor([97.2222], device='cuda:0')], new: [tensor([8.3333], device='cuda:0'), tensor([25.], device='cuda:0'), tensor([50.], device='cuda:0')], top5: tensor([79.1667], device='cuda:0')
0.00030  1.50 l 15.59  | 1.111    62.805    82.927    0.7156    0.6000 | 1.250    61.333    0.667 | 1.306     66.667    0.716 |  0 hr 37 min  0 1499

At iteration: 1540

Smoothing after 50
e: known: [tensor([88.8889], device='cuda:0'), tensor([97.2222], device='cuda:0'), tensor([97.2222], device='cuda:0')], new: [tensor([0.], device='cuda:0'), tensor([33.3333], device='cuda:0'), tensor([66.6667], device='cuda:0')], top5: tensor([81.2500], device='cuda:0')
0.00030  1.55 l 16.11  | 1.111    62.805    82.927    0.7156    0.6000 | 1.241    61.458    0.671 | 1.148     66.667    0.708 |  0 hr 38 min  0 1549

Smoothing after 50
e: known: [tensor([91.6667], device='cuda:0'), tensor([100.], device='cuda:0'), tensor([100.], device='cuda:0')], new: [tensor([0.], device='cuda:0'), tensor([8.3333], device='cuda:0'), tensor([33.3333], device='cuda:0')], top5: tensor([77.0833], device='cuda:0')
0.00030  1.60 l 16.63  | 1.111    62.805    82.927    0.7156    0.6000 | 1.223    63.250    0.686 | 1.191     68.750    0.719 |  0 hr 39 min  0 1599
New max valid for this run
0.00030  1.60 v 16.64  | 1.077    67.276    85.366    88.211    0.7516    0.6000 | 1.223    63.250    0.686 | 1.191     68.750    0.719 |  0 hr 39 min

At iteration: 1610

Smoothing after 50
e: known: [tensor([69.4444], device='cuda:0'), tensor([88.8889], device='cuda:0'), tensor([97.2222], device='cuda:0')], new: [tensor([16.6667], device='cuda:0'), tensor([41.6667], device='cuda:0'), tensor([41.6667], device='cuda:0')], top5: tensor([77.0833], device='cuda:0')
0.00030  1.65 l 17.15  | 1.077    67.276    85.366    0.7516    0.6000 | 1.190    64.500    0.700 | 1.191     56.250    0.652 |  0 hr 40 min  0 1649

At iteration: 1680

Smoothing after 50
e: known: [tensor([77.7778], device='cuda:0'), tensor([94.4444], device='cuda:0'), tensor([100.], device='cuda:0')], new: [tensor([8.3333], device='cuda:0'), tensor([25.], device='cuda:0'), tensor([41.6667], device='cuda:0')], top5: tensor([77.0833], device='cuda:0')
0.00030  1.70 l 17.67  | 1.077    67.276    85.366    0.7516    0.6000 | 1.187    65.208    0.712 | 1.156     60.417    0.677 |  0 hr 42 min  0 1699

Smoothing after 50
e: known: [tensor([97.2222], device='cuda:0'), tensor([97.2222], device='cuda:0'), tensor([97.2222], device='cuda:0')], new: [tensor([16.6667], device='cuda:0'), tensor([41.6667], device='cuda:0'), tensor([58.3333], device='cuda:0')], top5: tensor([83.3333], device='cuda:0')
0.00030  1.75 l 18.20  | 1.077    67.276    85.366    0.7516    0.6000 | 1.164    68.542    0.738 | 1.144     77.083    0.792 |  0 hr 43 min  0 1749

At iteration: 1750

Smoothing after 50
e: known: [tensor([86.1111], device='cuda:0'), tensor([94.4444], device='cuda:0'), tensor([94.4444], device='cuda:0')], new: [tensor([33.3333], device='cuda:0'), tensor([50.], device='cuda:0'), tensor([58.3333], device='cuda:0')], top5: tensor([83.3333], device='cuda:0')
0.00030  1.80 l 18.72  | 1.077    67.276    85.366    0.7516    0.6000 | 1.138    69.417    0.748 | 1.165     72.917    0.773 |  0 hr 44 min  0 1799
New max valid for this run
0.00030  1.80 v 18.73  | 1.042    71.341    86.789    89.431    0.7796    0.6000 | 1.138    69.417    0.748 | 1.165     72.917    0.773 |  0 hr 44 min

At iteration: 1820

Smoothing after 50
e: known: [tensor([86.1111], device='cuda:0'), tensor([88.8889], device='cuda:0'), tensor([91.6667], device='cuda:0')], new: [tensor([25.], device='cuda:0'), tensor([58.3333], device='cuda:0'), tensor([66.6667], device='cuda:0')], top5: tensor([81.2500], device='cuda:0')
0.00030  1.85 l 19.24  | 1.042    71.341    86.789    0.7796    0.6000 | 1.126    70.833    0.763 | 1.111     70.833    0.751 |  0 hr 45 min  0 1849

At iteration: 1890

Smoothing after 50
e: known: [tensor([91.6667], device='cuda:0'), tensor([97.2222], device='cuda:0'), tensor([97.2222], device='cuda:0')], new: [tensor([25.], device='cuda:0'), tensor([66.6667], device='cuda:0'), tensor([91.6667], device='cuda:0')], top5: tensor([89.5833], device='cuda:0')
0.00030  1.90 l 19.76  | 1.042    71.341    86.789    0.7796    0.6000 | 1.101    72.417    0.779 | 1.049     75.000    0.806 |  0 hr 47 min  0 1899

Smoothing after 50
e: known: [tensor([88.8889], device='cuda:0'), tensor([97.2222], device='cuda:0'), tensor([97.2222], device='cuda:0')], new: [tensor([25.], device='cuda:0'), tensor([66.6667], device='cuda:0'), tensor([75.], device='cuda:0')], top5: tensor([89.5833], device='cuda:0')
0.00030  1.95 l 20.28  | 1.042    71.341    86.789    0.7796    0.6000 | 1.093    73.292    0.790 | 1.017     72.917    0.786 |  0 hr 48 min  0 1949

At iteration: 1960

Smoothing after 50
e: known: [tensor([100.], device='cuda:0'), tensor([100.], device='cuda:0'), tensor([100.], device='cuda:0')], new: [tensor([33.3333], device='cuda:0'), tensor([66.6667], device='cuda:0'), tensor([66.6667], device='cuda:0')], top5: tensor([91.6667], device='cuda:0')
0.00030  2.00 l 20.80  | 1.042    71.341    86.789    0.7796    0.6000 | 1.060    74.958    0.805 | 0.990     83.333    0.864 |  0 hr 49 min  0 1999
New max valid for this run
0.00030  2.00 v 20.81  | 0.994    73.171    86.992    88.821    0.7945    0.6000 | 1.060    74.958    0.805 | 0.990     83.333    0.864 |  0 hr 49 min

At iteration: 2030

Smoothing after 50
e: known: [tensor([94.4444], device='cuda:0'), tensor([97.2222], device='cuda:0'), tensor([97.2222], device='cuda:0')], new: [tensor([33.3333], device='cuda:0'), tensor([83.3333], device='cuda:0'), tensor([91.6667], device='cuda:0')], top5: tensor([93.7500], device='cuda:0')
0.00030  2.05 l 21.32  | 0.994    73.171    86.992    0.7945    0.6000 | 1.046    75.792    0.817 | 1.096     79.167    0.844 |  0 hr 50 min  0 2049

Smoothing after 50
e: known: [tensor([97.2222], device='cuda:0'), tensor([97.2222], device='cuda:0'), tensor([100.], device='cuda:0')], new: [tensor([33.3333], device='cuda:0'), tensor([58.3333], device='cuda:0'), tensor([83.3333], device='cuda:0')], top5: tensor([87.5000], device='cuda:0')
0.00030  2.10 l 21.84  | 0.994    73.171    86.992    0.7945    0.6000 | 1.033    78.125    0.835 | 1.031     81.250    0.840 |  0 hr 51 min  0 2099

At iteration: 2100

Smoothing after 50
e: known: [tensor([91.6667], device='cuda:0'), tensor([100.], device='cuda:0'), tensor([100.], device='cuda:0')], new: [tensor([50.], device='cuda:0'), tensor([75.], device='cuda:0'), tensor([83.3333], device='cuda:0')], top5: tensor([93.7500], device='cuda:0')
0.00030  2.15 l 22.36  | 0.994    73.171    86.992    0.7945    0.6000 | 1.008    78.792    0.845 | 1.041     81.250    0.870 |  0 hr 53 min  0 2149

At iteration: 2170

Smoothing after 50
e: known: [tensor([91.6667], device='cuda:0'), tensor([91.6667], device='cuda:0'), tensor([97.2222], device='cuda:0')], new: [tensor([8.3333], device='cuda:0'), tensor([41.6667], device='cuda:0'), tensor([66.6667], device='cuda:0')], top5: tensor([79.1667], device='cuda:0')
0.00030  2.20 l 22.88  | 0.994    73.171    86.992    0.7945    0.6000 | 1.004    79.917    0.854 | 1.099     70.833    0.738 |  0 hr 54 min  0 2199
New max valid for this run
0.00030  2.20 v 22.89  | 0.958    77.439    86.382    88.618    0.8117    0.5000 | 1.004    79.917    0.854 | 1.099     70.833    0.738 |  0 hr 54 min

At iteration: 2240

Smoothing after 50
e: known: [tensor([94.4444], device='cuda:0'), tensor([100.], device='cuda:0'), tensor([100.], device='cuda:0')], new: [tensor([50.], device='cuda:0'), tensor([83.3333], device='cuda:0'), tensor([91.6667], device='cuda:0')], top5: tensor([95.8333], device='cuda:0')
0.00030  2.25 l 23.40  | 0.958    77.439    86.382    0.8117    0.5000 | 0.986    81.833    0.867 | 0.900     83.333    0.875 |  0 hr 55 min  0 2249

Smoothing after 50
e: known: [tensor([94.4444], device='cuda:0'), tensor([97.2222], device='cuda:0'), tensor([100.], device='cuda:0')], new: [tensor([33.3333], device='cuda:0'), tensor([100.], device='cuda:0'), tensor([100.], device='cuda:0')], top5: tensor([97.9167], device='cuda:0')
0.00030  2.30 l 23.92  | 0.958    77.439    86.382    0.8117    0.5000 | 0.956    84.292    0.888 | 0.908     79.167    0.872 |  0 hr 56 min  0 2299

At iteration: 2310

Smoothing after 50
e: known: [tensor([91.6667], device='cuda:0'), tensor([100.], device='cuda:0'), tensor([100.], device='cuda:0')], new: [tensor([41.6667], device='cuda:0'), tensor([91.6667], device='cuda:0'), tensor([91.6667], device='cuda:0')], top5: tensor([97.9167], device='cuda:0')
0.00030  2.35 l 24.44  | 0.958    77.439    86.382    0.8117    0.5000 | 0.944    83.583    0.885 | 0.917     79.167    0.874 |  0 hr 58 min  0 2349

At iteration: 2380

Smoothing after 50
e: known: [tensor([100.], device='cuda:0'), tensor([100.], device='cuda:0'), tensor([100.], device='cuda:0')], new: [tensor([66.6667], device='cuda:0'), tensor([100.], device='cuda:0'), tensor([100.], device='cuda:0')], top5: tensor([100.], device='cuda:0')
0.00030  2.40 l 24.96  | 0.958    77.439    86.382    0.8117    0.5000 | 0.932    86.375    0.905 | 0.939     91.667    0.958 |  0 hr 59 min  0 2399
0.00030  2.40 v 24.97  | 0.929    76.423    88.415    90.244    0.8169    0.6000 | 0.932    86.375    0.905 | 0.939     91.667    0.958 |  0 hr 59 min

Smoothing after 50
e: known: [tensor([97.2222], device='cuda:0'), tensor([100.], device='cuda:0'), tensor([100.], device='cuda:0')], new: [tensor([58.3333], device='cuda:0'), tensor([83.3333], device='cuda:0'), tensor([91.6667], device='cuda:0')], top5: tensor([95.8333], device='cuda:0')
0.00030  2.45 l 25.48  | 0.929    76.423    88.415    0.8169    0.6000 | 0.911    87.000    0.912 | 0.953     87.500    0.913 |  1 hr 00 min  0 2449

At iteration: 2450

Smoothing after 50
e: known: [tensor([91.6667], device='cuda:0'), tensor([97.2222], device='cuda:0'), tensor([100.], device='cuda:0')], new: [tensor([75.], device='cuda:0'), tensor([91.6667], device='cuda:0'), tensor([91.6667], device='cuda:0')], top5: tensor([95.8333], device='cuda:0')
0.00030  2.50 l 26.00  | 0.929    76.423    88.415    0.8169    0.6000 | 0.904    88.333    0.921 | 0.898     87.500    0.917 |  1 hr 01 min  0 2499

At iteration: 2520

Smoothing after 50
e: known: [tensor([97.2222], device='cuda:0'), tensor([100.], device='cuda:0'), tensor([100.], device='cuda:0')], new: [tensor([83.3333], device='cuda:0'), tensor([100.], device='cuda:0'), tensor([100.], device='cuda:0')], top5: tensor([100.], device='cuda:0')
0.00030  2.55 l 26.52  | 0.929    76.423    88.415    0.8169    0.6000 | 0.879    89.375    0.929 | 0.915     93.750    0.965 |  1 hr 02 min  0 2549

At iteration: 2590

Smoothing after 50
e: known: [tensor([94.4444], device='cuda:0'), tensor([100.], device='cuda:0'), tensor([100.], device='cuda:0')], new: [tensor([66.6667], device='cuda:0'), tensor([91.6667], device='cuda:0'), tensor([91.6667], device='cuda:0')], top5: tensor([97.9167], device='cuda:0')
0.00030  2.60 l 27.04  | 0.929    76.423    88.415    0.8169    0.6000 | 0.860    90.083    0.934 | 0.861     87.500    0.915 |  1 hr 04 min  0 2599
New max valid for this run
0.00030  2.60 v 27.05  | 0.888    79.878    88.211    90.244    0.8307    0.5000 | 0.860    90.083    0.934 | 0.861     87.500    0.915 |  1 hr 04 min

Smoothing after 50
e: known: [tensor([94.4444], device='cuda:0'), tensor([94.4444], device='cuda:0'), tensor([97.2222], device='cuda:0')], new: [tensor([83.3333], device='cuda:0'), tensor([91.6667], device='cuda:0'), tensor([91.6667], device='cuda:0')], top5: tensor([93.7500], device='cuda:0')
0.00030  2.65 l 27.56  | 0.888    79.878    88.211    0.8307    0.5000 | 0.862    90.875    0.939 | 0.852     91.667    0.927 |  1 hr 05 min  0 2649

At iteration: 2660

Smoothing after 50
e: known: [tensor([97.2222], device='cuda:0'), tensor([100.], device='cuda:0'), tensor([100.], device='cuda:0')], new: [tensor([58.3333], device='cuda:0'), tensor([100.], device='cuda:0'), tensor([100.], device='cuda:0')], top5: tensor([100.], device='cuda:0')
0.00030  2.70 l 28.08  | 0.888    79.878    88.211    0.8307    0.5000 | 0.842    92.500    0.952 | 0.823     87.500    0.934 |  1 hr 06 min  0 2699

At iteration: 2730

Smoothing after 50
e: known: [tensor([97.0588], device='cuda:0'), tensor([100.], device='cuda:0'), tensor([100.], device='cuda:0')], new: [tensor([78.5714], device='cuda:0'), tensor([100.], device='cuda:0'), tensor([100.], device='cuda:0')], top5: tensor([100.], device='cuda:0')
0.00030  2.75 l 28.60  | 0.888    79.878    88.211    0.8307    0.5000 | 0.845    91.875    0.947 | 0.771     91.667    0.958 |  1 hr 07 min  0 2749

Smoothing after 50
e: known: [tensor([94.4444], device='cuda:0'), tensor([100.], device='cuda:0'), tensor([100.], device='cuda:0')], new: [tensor([83.3333], device='cuda:0'), tensor([91.6667], device='cuda:0'), tensor([91.6667], device='cuda:0')], top5: tensor([97.9167], device='cuda:0')
0.00030  2.80 l 29.12  | 0.888    79.878    88.211    0.8307    0.5000 | 0.822    92.167    0.949 | 0.907     91.667    0.942 |  1 hr 09 min  0 2799

At iteration: 2800
0.00030  2.80 v 29.13  | 0.852    79.878    88.415    91.463    0.8361    0.5000 | 0.822    92.167    0.949 | 0.907     91.667    0.942 |  1 hr 09 min

Smoothing after 50
e: known: [tensor([100.], device='cuda:0'), tensor([100.], device='cuda:0'), tensor([100.], device='cuda:0')], new: [tensor([91.6667], device='cuda:0'), tensor([100.], device='cuda:0'), tensor([100.], device='cuda:0')], top5: tensor([100.], device='cuda:0')
0.00030  2.85 l 29.64  | 0.852    79.878    88.415    0.8361    0.5000 | 0.792    93.833    0.960 | 0.776     97.917    0.990 |  1 hr 10 min  0 2849

At iteration: 2870

Smoothing after 50
e: known: [tensor([100.], device='cuda:0'), tensor([100.], device='cuda:0'), tensor([100.], device='cuda:0')], new: [tensor([83.3333], device='cuda:0'), tensor([91.6667], device='cuda:0'), tensor([91.6667], device='cuda:0')], top5: tensor([97.9167], device='cuda:0')
0.00030  2.90 l 30.16  | 0.852    79.878    88.415    0.8361    0.5000 | 0.772    93.500    0.957 | 0.709     95.833    0.965 |  1 hr 11 min  0 2899

At iteration: 2940

Smoothing after 50
e: known: [tensor([97.2222], device='cuda:0'), tensor([100.], device='cuda:0'), tensor([100.], device='cuda:0')], new: [tensor([91.6667], device='cuda:0'), tensor([100.], device='cuda:0'), tensor([100.], device='cuda:0')], top5: tensor([100.], device='cuda:0')
0.00030  2.95 l 30.68  | 0.852    79.878    88.415    0.8361    0.5000 | 0.773    94.583    0.965 | 0.751     95.833    0.969 |  1 hr 12 min  0 2949

Smoothing after 50
e: known: [tensor([100.], device='cuda:0'), tensor([100.], device='cuda:0'), tensor([100.], device='cuda:0')], new: [tensor([91.6667], device='cuda:0'), tensor([100.], device='cuda:0'), tensor([100.], device='cuda:0')], top5: tensor([100.], device='cuda:0')
0.00030  3.00 l 31.20  | 0.852    79.878    88.415    0.8361    0.5000 | 0.765    93.833    0.961 | 0.741     97.917    0.990 |  1 hr 13 min  0 2999
New max valid for this run
0.00030  3.00 v 31.21  | 0.821    81.301    88.821    90.854    0.8439    0.5000 | 0.765    93.833    0.961 | 0.741     97.917    0.990 |  1 hr 14 min

At iteration: 3010

Smoothing after 50
e: known: [tensor([97.2222], device='cuda:0'), tensor([100.], device='cuda:0'), tensor([100.], device='cuda:0')], new: [tensor([100.], device='cuda:0'), tensor([100.], device='cuda:0'), tensor([100.], device='cuda:0')], top5: tensor([100.], device='cuda:0')
0.00030  3.05 l 31.72  | 0.821    81.301    88.821    0.8439    0.5000 | 0.754    94.917    0.968 | 0.696     97.917    0.990 |  1 hr 15 min  0 3049

At iteration: 3080

Smoothing after 50
e: known: [tensor([100.], device='cuda:0'), tensor([100.], device='cuda:0'), tensor([100.], device='cuda:0')], new: [tensor([100.], device='cuda:0'), tensor([100.], device='cuda:0'), tensor([100.], device='cuda:0')], top5: tensor([100.], device='cuda:0')
0.00030  3.10 l 32.24  | 0.821    81.301    88.821    0.8439    0.5000 | 0.729    95.208    0.968 | 0.714     100.000    1.000 |  1 hr 16 min  0 3099

Smoothing after 50
e: known: [tensor([100.], device='cuda:0'), tensor([100.], device='cuda:0'), tensor([100.], device='cuda:0')], new: [tensor([83.3333], device='cuda:0'), tensor([100.], device='cuda:0'), tensor([100.], device='cuda:0')], top5: tensor([100.], device='cuda:0')
0.00030  3.15 l 32.76  | 0.821    81.301    88.821    0.8439    0.5000 | 0.720    95.042    0.967 | 0.673     95.833    0.976 |  1 hr 17 min  0 3149

At iteration: 3150

Smoothing after 50
e: known: [tensor([97.0588], device='cuda:0'), tensor([100.], device='cuda:0'), tensor([100.], device='cuda:0')], new: [tensor([85.7143], device='cuda:0'), tensor([92.8571], device='cuda:0'), tensor([100.], device='cuda:0')], top5: tensor([97.9167], device='cuda:0')
0.00030  3.20 l 33.28  | 0.821    81.301    88.821    0.8439    0.5000 | 0.698    95.917    0.975 | 0.714     93.750    0.953 |  1 hr 18 min  0 3199
New max valid for this run
0.00030  3.20 v 33.29  | 0.780    81.707    89.228    91.057    0.8494    0.5000 | 0.698    95.917    0.975 | 0.714     93.750    0.953 |  1 hr 19 min

At iteration: 3220

Smoothing after 50
e: known: [tensor([100.], device='cuda:0'), tensor([100.], device='cuda:0'), tensor([100.], device='cuda:0')], new: [tensor([100.], device='cuda:0'), tensor([100.], device='cuda:0'), tensor([100.], device='cuda:0')], top5: tensor([100.], device='cuda:0')
0.00030  3.25 l 33.80  | 0.780    81.707    89.228    0.8494    0.5000 | 0.690    96.667    0.978 | 0.682     100.000    1.000 |  1 hr 20 min  0 3249

At iteration: 3290

Smoothing after 50
e: known: [tensor([100.], device='cuda:0'), tensor([100.], device='cuda:0'), tensor([100.], device='cuda:0')], new: [tensor([91.6667], device='cuda:0'), tensor([100.], device='cuda:0'), tensor([100.], device='cuda:0')], top5: tensor([100.], device='cuda:0')
0.00030  3.30 l 34.32  | 0.780    81.707    89.228    0.8494    0.5000 | 0.679    96.500    0.978 | 0.670     97.917    0.990 |  1 hr 21 min  0 3299

Smoothing after 50
e: known: [tensor([97.2222], device='cuda:0'), tensor([100.], device='cuda:0'), tensor([100.], device='cuda:0')], new: [tensor([100.], device='cuda:0'), tensor([100.], device='cuda:0'), tensor([100.], device='cuda:0')], top5: tensor([100.], device='cuda:0')
0.00030  3.35 l 34.84  | 0.780    81.707    89.228    0.8494    0.5000 | 0.678    96.625    0.978 | 0.724     97.917    0.990 |  1 hr 22 min  0 3349

At iteration: 3360

Smoothing after 50
e: known: [tensor([97.2222], device='cuda:0'), tensor([100.], device='cuda:0'), tensor([100.], device='cuda:0')], new: [tensor([100.], device='cuda:0'), tensor([100.], device='cuda:0'), tensor([100.], device='cuda:0')], top5: tensor([100.], device='cuda:0')
0.00030  3.40 l 35.36  | 0.780    81.707    89.228    0.8494    0.5000 | 0.639    97.542    0.984 | 0.712     97.917    0.990 |  1 hr 23 min  0 3399
New max valid for this run
0.00030  3.40 v 35.37  | 0.766    81.911    88.821    90.650    0.8497    0.5000 | 0.639    97.542    0.984 | 0.712     97.917    0.990 |  1 hr 23 min

At iteration: 3430

Smoothing after 50
e: known: [tensor([97.2222], device='cuda:0'), tensor([100.], device='cuda:0'), tensor([100.], device='cuda:0')], new: [tensor([100.], device='cuda:0'), tensor([100.], device='cuda:0'), tensor([100.], device='cuda:0')], top5: tensor([100.], device='cuda:0')
0.00030  3.45 l 35.88  | 0.766    81.911    88.821    0.8497    0.5000 | 0.660    96.917    0.980 | 0.646     97.917    0.990 |  1 hr 25 min  0 3449

Smoothing after 50
e: known: [tensor([100.], device='cuda:0'), tensor([100.], device='cuda:0'), tensor([100.], device='cuda:0')], new: [tensor([100.], device='cuda:0'), tensor([100.], device='cuda:0'), tensor([100.], device='cuda:0')], top5: tensor([100.], device='cuda:0')
0.00030  3.50 l 36.40  | 0.766    81.911    88.821    0.8497    0.5000 | 0.640    97.083    0.981 | 0.613     100.000    1.000 |  1 hr 26 min  0 3499

At iteration: 3500

Smoothing after 50
e: known: [tensor([97.2222], device='cuda:0'), tensor([100.], device='cuda:0'), tensor([100.], device='cuda:0')], new: [tensor([100.], device='cuda:0'), tensor([100.], device='cuda:0'), tensor([100.], device='cuda:0')], top5: tensor([100.], device='cuda:0')
0.00030  3.55 l 36.92  | 0.766    81.911    88.821    0.8497    0.5000 | 0.621    96.583    0.978 | 0.635     97.917    0.984 |  1 hr 27 min  0 3549

At iteration: 3570

Smoothing after 50
e: known: [tensor([100.], device='cuda:0'), tensor([100.], device='cuda:0'), tensor([100.], device='cuda:0')], new: [tensor([91.6667], device='cuda:0'), tensor([100.], device='cuda:0'), tensor([100.], device='cuda:0')], top5: tensor([100.], device='cuda:0')
0.00030  3.60 l 37.44  | 0.766    81.911    88.821    0.8497    0.5000 | 0.620    97.333    0.982 | 0.609     97.917    0.990 |  1 hr 28 min  0 3599
New max valid for this run
0.00030  3.60 v 37.45  | 0.729    82.724    88.415    90.244    0.8519    0.4000 | 0.620    97.333    0.982 | 0.609     97.917    0.990 |  1 hr 28 min

At iteration: 3640

Smoothing after 50
e: known: [tensor([94.4444], device='cuda:0'), tensor([97.2222], device='cuda:0'), tensor([97.2222], device='cuda:0')], new: [tensor([91.6667], device='cuda:0'), tensor([100.], device='cuda:0'), tensor([100.], device='cuda:0')], top5: tensor([97.9167], device='cuda:0')
0.00030  3.65 l 37.96  | 0.729    82.724    88.415    0.8519    0.4000 | 0.607    97.292    0.982 | 0.617     93.750    0.958 |  1 hr 30 min  0 3649

Smoothing after 50
e: known: [tensor([100.], device='cuda:0'), tensor([100.], device='cuda:0'), tensor([100.], device='cuda:0')], new: [tensor([100.], device='cuda:0'), tensor([100.], device='cuda:0'), tensor([100.], device='cuda:0')], top5: tensor([100.], device='cuda:0')
0.00030  3.70 l 38.48  | 0.729    82.724    88.415    0.8519    0.4000 | 0.602    97.833    0.986 | 0.704     100.000    1.000 |  1 hr 31 min  0 3699

At iteration: 3710

Smoothing after 50
e: known: [tensor([94.4444], device='cuda:0'), tensor([100.], device='cuda:0'), tensor([100.], device='cuda:0')], new: [tensor([91.6667], device='cuda:0'), tensor([100.], device='cuda:0'), tensor([100.], device='cuda:0')], top5: tensor([100.], device='cuda:0')
0.00030  3.75 l 39.00  | 0.729    82.724    88.415    0.8519    0.4000 | 0.591    96.875    0.980 | 0.630     93.750    0.962 |  1 hr 32 min  0 3749

At iteration: 3780

Smoothing after 50
e: known: [tensor([100.], device='cuda:0'), tensor([100.], device='cuda:0'), tensor([100.], device='cuda:0')], new: [tensor([100.], device='cuda:0'), tensor([100.], device='cuda:0'), tensor([100.], device='cuda:0')], top5: tensor([100.], device='cuda:0')
0.00030  3.80 l 39.52  | 0.729    82.724    88.415    0.8519    0.4000 | 0.584    97.458    0.984 | 0.516     100.000    1.000 |  1 hr 33 min  0 3799
0.00030  3.80 v 39.53  | 0.712    82.520    89.431    91.057    0.8547    0.5000 | 0.584    97.458    0.984 | 0.516     100.000    1.000 |  1 hr 33 min

Smoothing after 50
e: known: [tensor([100.], device='cuda:0'), tensor([100.], device='cuda:0'), tensor([100.], device='cuda:0')], new: [tensor([100.], device='cuda:0'), tensor([100.], device='cuda:0'), tensor([100.], device='cuda:0')], top5: tensor([100.], device='cuda:0')
0.00030  3.85 l 40.04  | 0.712    82.520    89.431    0.8547    0.5000 | 0.562    98.167    0.989 | 0.600     100.000    1.000 |  1 hr 34 min  0 3849

At iteration: 3850

Smoothing after 50
e: known: [tensor([97.2222], device='cuda:0'), tensor([100.], device='cuda:0'), tensor([100.], device='cuda:0')], new: [tensor([100.], device='cuda:0'), tensor([100.], device='cuda:0'), tensor([100.], device='cuda:0')], top5: tensor([100.], device='cuda:0')
0.00030  3.90 l 40.56  | 0.712    82.520    89.431    0.8547    0.5000 | 0.557    98.167    0.989 | 0.501     97.917    0.990 |  1 hr 36 min  0 3899

At iteration: 3920

Smoothing after 50
e: known: [tensor([100.], device='cuda:0'), tensor([100.], device='cuda:0'), tensor([100.], device='cuda:0')], new: [tensor([91.6667], device='cuda:0'), tensor([100.], device='cuda:0'), tensor([100.], device='cuda:0')], top5: tensor([100.], device='cuda:0')
0.00030  3.95 l 41.08  | 0.712    82.520    89.431    0.8547    0.5000 | 0.561    97.792    0.987 | 0.592     97.917    0.990 |  1 hr 37 min  0 3949

At iteration: 3990

Smoothing after 50
e: known: [tensor([100.], device='cuda:0'), tensor([100.], device='cuda:0'), tensor([100.], device='cuda:0')], new: [tensor([100.], device='cuda:0'), tensor([100.], device='cuda:0'), tensor([100.], device='cuda:0')], top5: tensor([100.], device='cuda:0')
0.00030  4.00 l 41.60  | 0.712    82.520    89.431    0.8547    0.5000 | 0.535    98.250    0.988 | 0.523     100.000    1.000 |  1 hr 38 min  0 3999
0.00030  4.00 v 41.61  | 0.693    82.724    89.431    91.463    0.8566    0.4000 | 0.535    98.250    0.988 | 0.523     100.000    1.000 |  1 hr 38 min

Smoothing after 50
e: known: [tensor([100.], device='cuda:0'), tensor([100.], device='cuda:0'), tensor([100.], device='cuda:0')], new: [tensor([100.], device='cuda:0'), tensor([100.], device='cuda:0'), tensor([100.], device='cuda:0')], top5: tensor([100.], device='cuda:0')
0.00030  4.05 l 42.12  | 0.693    82.724    89.431    0.8566    0.4000 | 0.522    98.417    0.990 | 0.518     100.000    1.000 |  1 hr 39 min  0 4049

At iteration: 4060

Smoothing after 50
e: known: [tensor([97.2222], device='cuda:0'), tensor([100.], device='cuda:0'), tensor([100.], device='cuda:0')], new: [tensor([91.6667], device='cuda:0'), tensor([100.], device='cuda:0'), tensor([100.], device='cuda:0')], top5: tensor([100.], device='cuda:0')
0.00030  4.10 l 42.64  | 0.693    82.724    89.431    0.8566    0.4000 | 0.516    98.292    0.990 | 0.564     95.833    0.979 |  1 hr 41 min  0 4099

At iteration: 4130

Smoothing after 50
e: known: [tensor([97.2222], device='cuda:0'), tensor([100.], device='cuda:0'), tensor([100.], device='cuda:0')], new: [tensor([100.], device='cuda:0'), tensor([100.], device='cuda:0'), tensor([100.], device='cuda:0')], top5: tensor([100.], device='cuda:0')
0.00030  4.15 l 43.16  | 0.693    82.724    89.431    0.8566    0.4000 | 0.522    98.208    0.989 | 0.462     97.917    0.990 |  1 hr 42 min  0 4149

Smoothing after 50
e: known: [tensor([100.], device='cuda:0'), tensor([100.], device='cuda:0'), tensor([100.], device='cuda:0')], new: [tensor([100.], device='cuda:0'), tensor([100.], device='cuda:0'), tensor([100.], device='cuda:0')], top5: tensor([100.], device='cuda:0')
0.00030  4.20 l 43.68  | 0.693    82.724    89.431    0.8566    0.4000 | 0.512    98.417    0.990 | 0.556     100.000    1.000 |  1 hr 43 min  0 4199

At iteration: 4200
New max valid for this run
0.00030  4.20 v 43.69  | 0.674    83.943    89.837    91.057    0.8639    0.4000 | 0.512    98.417    0.990 | 0.556     100.000    1.000 |  1 hr 43 min

Smoothing after 50
e: known: [tensor([100.], device='cuda:0'), tensor([100.], device='cuda:0'), tensor([100.], device='cuda:0')], new: [tensor([100.], device='cuda:0'), tensor([100.], device='cuda:0'), tensor([100.], device='cuda:0')], top5: tensor([100.], device='cuda:0')
0.00030  4.25 l 44.20  | 0.674    83.943    89.837    0.8639    0.4000 | 0.497    98.583    0.991 | 0.466     100.000    1.000 |  1 hr 44 min  0 4249

At iteration: 4270

Smoothing after 50
e: known: [tensor([97.2222], device='cuda:0'), tensor([100.], device='cuda:0'), tensor([100.], device='cuda:0')], new: [tensor([100.], device='cuda:0'), tensor([100.], device='cuda:0'), tensor([100.], device='cuda:0')], top5: tensor([100.], device='cuda:0')
0.00030  4.30 l 44.72  | 0.674    83.943    89.837    0.8639    0.4000 | 0.481    98.625    0.991 | 0.476     97.917    0.990 |  1 hr 45 min  0 4299

At iteration: 4340

Smoothing after 50
e: known: [tensor([94.4444], device='cuda:0'), tensor([97.2222], device='cuda:0'), tensor([97.2222], device='cuda:0')], new: [tensor([100.], device='cuda:0'), tensor([100.], device='cuda:0'), tensor([100.], device='cuda:0')], top5: tensor([97.9167], device='cuda:0')
0.00030  4.35 l 45.24  | 0.674    83.943    89.837    0.8639    0.4000 | 0.493    98.375    0.991 | 0.500     95.833    0.969 |  1 hr 47 min  0 4349

Smoothing after 50
e: known: [tensor([100.], device='cuda:0'), tensor([100.], device='cuda:0'), tensor([100.], device='cuda:0')], new: [tensor([100.], device='cuda:0'), tensor([100.], device='cuda:0'), tensor([100.], device='cuda:0')], top5: tensor([100.], device='cuda:0')
0.00030  4.40 l 45.76  | 0.674    83.943    89.837    0.8639    0.4000 | 0.486    98.250    0.989 | 0.549     100.000    1.000 |  1 hr 48 min  0 4399
New max valid for this run
0.00030  4.40 v 45.77  | 0.668    84.350    90.041    91.463    0.8669    0.4000 | 0.486    98.250    0.989 | 0.549     100.000    1.000 |  1 hr 48 min

At iteration: 4410

Smoothing after 50
e: known: [tensor([100.], device='cuda:0'), tensor([100.], device='cuda:0'), tensor([100.], device='cuda:0')], new: [tensor([100.], device='cuda:0'), tensor([100.], device='cuda:0'), tensor([100.], device='cuda:0')], top5: tensor([100.], device='cuda:0')
0.00030  4.45 l 46.28  | 0.668    84.350    90.041    0.8669    0.4000 | 0.467    98.542    0.991 | 0.470     100.000    1.000 |  1 hr 49 min  0 4449

At iteration: 4480

Smoothing after 50
e: known: [tensor([100.], device='cuda:0'), tensor([100.], device='cuda:0'), tensor([100.], device='cuda:0')], new: [tensor([91.6667], device='cuda:0'), tensor([100.], device='cuda:0'), tensor([100.], device='cuda:0')], top5: tensor([100.], device='cuda:0')
0.00030  4.50 l 46.80  | 0.668    84.350    90.041    0.8669    0.4000 | 0.476    98.375    0.990 | 0.435     97.917    0.986 |  1 hr 50 min  0 4499

Smoothing after 50
e: known: [tensor([100.], device='cuda:0'), tensor([100.], device='cuda:0'), tensor([100.], device='cuda:0')], new: [tensor([100.], device='cuda:0'), tensor([100.], device='cuda:0'), tensor([100.], device='cuda:0')], top5: tensor([100.], device='cuda:0')
0.00030  4.55 l 47.32  | 0.668    84.350    90.041    0.8669    0.4000 | 0.458    98.750    0.992 | 0.449     100.000    1.000 |  1 hr 52 min  0 4549

At iteration: 4550

Smoothing after 50
e: known: [tensor([97.2222], device='cuda:0'), tensor([97.2222], device='cuda:0'), tensor([97.2222], device='cuda:0')], new: [tensor([100.], device='cuda:0'), tensor([100.], device='cuda:0'), tensor([100.], device='cuda:0')], top5: tensor([97.9167], device='cuda:0')
0.00030  4.60 l 47.84  | 0.668    84.350    90.041    0.8669    0.4000 | 0.463    98.375    0.990 | 0.596     97.917    0.979 |  1 hr 53 min  0 4599
0.00030  4.60 v 47.85  | 0.650    83.943    89.837    92.276    0.8633    0.4000 | 0.463    98.375    0.990 | 0.596     97.917    0.979 |  1 hr 53 min

At iteration: 4620

Smoothing after 50
e: known: [tensor([100.], device='cuda:0'), tensor([100.], device='cuda:0'), tensor([100.], device='cuda:0')], new: [tensor([100.], device='cuda:0'), tensor([100.], device='cuda:0'), tensor([100.], device='cuda:0')], top5: tensor([100.], device='cuda:0')
0.00030  4.65 l 48.36  | 0.650    83.943    89.837    0.8633    0.4000 | 0.433    98.500    0.992 | 0.483     100.000    1.000 |  1 hr 54 min  0 4649

At iteration: 4690

Smoothing after 50
e: known: [tensor([94.4444], device='cuda:0'), tensor([100.], device='cuda:0'), tensor([100.], device='cuda:0')], new: [tensor([100.], device='cuda:0'), tensor([100.], device='cuda:0'), tensor([100.], device='cuda:0')], top5: tensor([100.], device='cuda:0')
0.00030  4.70 l 48.88  | 0.650    83.943    89.837    0.8633    0.4000 | 0.450    98.417    0.991 | 0.501     95.833    0.973 |  1 hr 55 min  0 4699

Smoothing after 50
e: known: [tensor([100.], device='cuda:0'), tensor([100.], device='cuda:0'), tensor([100.], device='cuda:0')], new: [tensor([100.], device='cuda:0'), tensor([100.], device='cuda:0'), tensor([100.], device='cuda:0')], top5: tensor([100.], device='cuda:0')
0.00030  4.75 l 49.40  | 0.650    83.943    89.837    0.8633    0.4000 | 0.439    98.792    0.993 | 0.450     100.000    1.000 |  1 hr 56 min  0 4749

At iteration: 4760

Smoothing after 50
e: known: [tensor([94.4444], device='cuda:0'), tensor([100.], device='cuda:0'), tensor([100.], device='cuda:0')], new: [tensor([100.], device='cuda:0'), tensor([100.], device='cuda:0'), tensor([100.], device='cuda:0')], top5: tensor([100.], device='cuda:0')
0.00030  4.80 l 49.92  | 0.650    83.943    89.837    0.8633    0.4000 | 0.429    98.083    0.988 | 0.469     95.833    0.976 |  1 hr 58 min  0 4799
0.00030  4.80 v 49.93  | 0.648    83.943    89.431    91.260    0.8635    0.4000 | 0.429    98.083    0.988 | 0.469     95.833    0.976 |  1 hr 58 min

At iteration: 4830

Smoothing after 50
e: known: [tensor([100.], device='cuda:0'), tensor([100.], device='cuda:0'), tensor([100.], device='cuda:0')], new: [tensor([100.], device='cuda:0'), tensor([100.], device='cuda:0'), tensor([100.], device='cuda:0')], top5: tensor([100.], device='cuda:0')
0.00030  4.85 l 50.44  | 0.648    83.943    89.431    0.8635    0.4000 | 0.409    98.500    0.992 | 0.419     100.000    1.000 |  1 hr 59 min  0 4849

Smoothing after 50
e: known: [tensor([94.4444], device='cuda:0'), tensor([100.], device='cuda:0'), tensor([100.], device='cuda:0')], new: [tensor([100.], device='cuda:0'), tensor([100.], device='cuda:0'), tensor([100.], device='cuda:0')], top5: tensor([100.], device='cuda:0')
0.00030  4.90 l 50.96  | 0.648    83.943    89.431    0.8635    0.4000 | 0.440    98.583    0.991 | 0.418     95.833    0.976 |  2 hr 00 min  0 4899

At iteration: 4900

Smoothing after 50
e: known: [tensor([97.2222], device='cuda:0'), tensor([100.], device='cuda:0'), tensor([100.], device='cuda:0')], new: [tensor([100.], device='cuda:0'), tensor([100.], device='cuda:0'), tensor([100.], device='cuda:0')], top5: tensor([100.], device='cuda:0')
0.00030  4.95 l 51.49  | 0.648    83.943    89.431    0.8635    0.4000 | 0.418    99.000    0.994 | 0.440     97.917    0.990 |  2 hr 01 min  0 4949

At iteration: 4970

Smoothing after 50
e: known: [tensor([97.2222], device='cuda:0'), tensor([100.], device='cuda:0'), tensor([100.], device='cuda:0')], new: [tensor([100.], device='cuda:0'), tensor([100.], device='cuda:0'), tensor([100.], device='cuda:0')], top5: tensor([100.], device='cuda:0')
0.00030  5.00 l 52.01  | 0.648    83.943    89.431    0.8635    0.4000 | 0.403    98.583    0.991 | 0.354     97.917    0.990 |  2 hr 03 min  0 4999
0.00030  5.00 v 52.02  | 0.635    83.333    89.024    90.447    0.8578    0.4000 | 0.403    98.583    0.991 | 0.354     97.917    0.990 |  2 hr 03 min

At iteration: 5040

Smoothing after 50
e: known: [tensor([100.], device='cuda:0'), tensor([100.], device='cuda:0'), tensor([100.], device='cuda:0')], new: [tensor([91.6667], device='cuda:0'), tensor([100.], device='cuda:0'), tensor([100.], device='cuda:0')], top5: tensor([100.], device='cuda:0')
0.00030  5.05 l 52.53  | 0.635    83.333    89.024    0.8578    0.4000 | 0.402    98.792    0.993 | 0.325     97.917    0.990 |  2 hr 04 min  0 5049

Smoothing after 50
e: known: [tensor([94.4444], device='cuda:0'), tensor([100.], device='cuda:0'), tensor([100.], device='cuda:0')], new: [tensor([100.], device='cuda:0'), tensor([100.], device='cuda:0'), tensor([100.], device='cuda:0')], top5: tensor([100.], device='cuda:0')
0.00030  5.10 l 53.05  | 0.635    83.333    89.024    0.8578    0.4000 | 0.393    98.583    0.991 | 0.429     95.833    0.979 |  2 hr 05 min  0 5099

At iteration: 5110

Smoothing after 50
e: known: [tensor([97.2222], device='cuda:0'), tensor([100.], device='cuda:0'), tensor([100.], device='cuda:0')], new: [tensor([100.], device='cuda:0'), tensor([100.], device='cuda:0'), tensor([100.], device='cuda:0')], top5: tensor([100.], device='cuda:0')
0.00030  5.15 l 53.57  | 0.635    83.333    89.024    0.8578    0.4000 | 0.383    99.250    0.995 | 0.508     97.917    0.990 |  2 hr 06 min  0 5149

At iteration: 5180

Smoothing after 50
e: known: [tensor([100.], device='cuda:0'), tensor([100.], device='cuda:0'), tensor([100.], device='cuda:0')], new: [tensor([100.], device='cuda:0'), tensor([100.], device='cuda:0'), tensor([100.], device='cuda:0')], top5: tensor([100.], device='cuda:0')
0.00030  5.20 l 54.09  | 0.635    83.333    89.024    0.8578    0.4000 | 0.389    98.542    0.991 | 0.450     100.000    1.000 |  2 hr 08 min  0 5199
0.00030  5.20 v 54.10  | 0.626    83.537    89.634    91.463    0.8606    0.4000 | 0.389    98.542    0.991 | 0.450     100.000    1.000 |  2 hr 08 min

Smoothing after 50
e: known: [tensor([97.2222], device='cuda:0'), tensor([97.2222], device='cuda:0'), tensor([97.2222], device='cuda:0')], new: [tensor([100.], device='cuda:0'), tensor([100.], device='cuda:0'), tensor([100.], device='cuda:0')], top5: tensor([97.9167], device='cuda:0')
0.00030  5.25 l 54.61  | 0.626    83.537    89.634    0.8606    0.4000 | 0.392    99.000    0.994 | 0.414     97.917    0.979 |  2 hr 09 min  0 5249

At iteration: 5250

Smoothing after 50
e: known: [tensor([97.2222], device='cuda:0'), tensor([100.], device='cuda:0'), tensor([100.], device='cuda:0')], new: [tensor([100.], device='cuda:0'), tensor([100.], device='cuda:0'), tensor([100.], device='cuda:0')], top5: tensor([100.], device='cuda:0')
0.00030  5.30 l 55.13  | 0.626    83.537    89.634    0.8606    0.4000 | 0.384    98.708    0.992 | 0.399     97.917    0.990 |  2 hr 10 min  0 5299

At iteration: 5320

Smoothing after 50
e: known: [tensor([97.2222], device='cuda:0'), tensor([100.], device='cuda:0'), tensor([100.], device='cuda:0')], new: [tensor([100.], device='cuda:0'), tensor([100.], device='cuda:0'), tensor([100.], device='cuda:0')], top5: tensor([100.], device='cuda:0')
0.00030  5.35 l 55.65  | 0.626    83.537    89.634    0.8606    0.4000 | 0.370    98.708    0.993 | 0.354     97.917    0.990 |  2 hr 11 min  0 5349

At iteration: 5390

Smoothing after 50
e: known: [tensor([100.], device='cuda:0'), tensor([100.], device='cuda:0'), tensor([100.], device='cuda:0')], new: [tensor([100.], device='cuda:0'), tensor([100.], device='cuda:0'), tensor([100.], device='cuda:0')], top5: tensor([100.], device='cuda:0')
0.00030  5.40 l 56.17  | 0.626    83.537    89.634    0.8606    0.4000 | 0.379    98.583    0.992 | 0.333     100.000    1.000 |  2 hr 12 min  0 5399
0.00030  5.40 v 56.18  | 0.614    83.333    90.447    92.073    0.8614    0.4000 | 0.379    98.583    0.992 | 0.333     100.000    1.000 |  2 hr 13 min

Smoothing after 50
e: known: [tensor([97.2222], device='cuda:0'), tensor([97.2222], device='cuda:0'), tensor([100.], device='cuda:0')], new: [tensor([100.], device='cuda:0'), tensor([100.], device='cuda:0'), tensor([100.], device='cuda:0')], top5: tensor([97.9167], device='cuda:0')
0.00030  5.45 l 56.69  | 0.614    83.333    90.447    0.8614    0.4000 | 0.366    99.167    0.995 | 0.352     97.917    0.979 |  2 hr 14 min  0 5449

At iteration: 5460

Smoothing after 50
e: known: [tensor([97.2222], device='cuda:0'), tensor([100.], device='cuda:0'), tensor([100.], device='cuda:0')], new: [tensor([100.], device='cuda:0'), tensor([100.], device='cuda:0'), tensor([100.], device='cuda:0')], top5: tensor([100.], device='cuda:0')
0.00030  5.50 l 57.21  | 0.614    83.333    90.447    0.8614    0.4000 | 0.361    98.833    0.993 | 0.333     97.917    0.990 |  2 hr 15 min  0 5499

At iteration: 5530

Smoothing after 50
e: known: [tensor([100.], device='cuda:0'), tensor([100.], device='cuda:0'), tensor([100.], device='cuda:0')], new: [tensor([100.], device='cuda:0'), tensor([100.], device='cuda:0'), tensor([100.], device='cuda:0')], top5: tensor([100.], device='cuda:0')
0.00030  5.55 l 57.73  | 0.614    83.333    90.447    0.8614    0.4000 | 0.362    98.750    0.992 | 0.276     100.000    1.000 |  2 hr 16 min  0 5549

Smoothing after 50
e: known: [tensor([100.], device='cuda:0'), tensor([100.], device='cuda:0'), tensor([100.], device='cuda:0')], new: [tensor([100.], device='cuda:0'), tensor([100.], device='cuda:0'), tensor([100.], device='cuda:0')], top5: tensor([100.], device='cuda:0')
0.00030  5.60 l 58.25  | 0.614    83.333    90.447    0.8614    0.4000 | 0.355    98.958    0.994 | 0.340     100.000    1.000 |  2 hr 17 min  0 5599

At iteration: 5600
New max valid for this run
Saving current features. Best valid acc. found.
0.00030  5.60 v 58.26  | 0.596    84.553    90.447    91.870    0.8707    0.3000 | 0.355    98.958    0.994 | 0.340     100.000    1.000 |  2 hr 21 min

Smoothing after 50
e: known: [tensor([94.4444], device='cuda:0'), tensor([100.], device='cuda:0'), tensor([100.], device='cuda:0')], new: [tensor([100.], device='cuda:0'), tensor([100.], device='cuda:0'), tensor([100.], device='cuda:0')], top5: tensor([100.], device='cuda:0')
0.00030  5.65 l 58.77  | 0.596    84.553    90.447    0.8707    0.3000 | 0.347    98.750    0.993 | 0.370     95.833    0.976 |  2 hr 22 min  0 5649

At iteration: 5670

Smoothing after 50
e: known: [tensor([100.], device='cuda:0'), tensor([100.], device='cuda:0'), tensor([100.], device='cuda:0')], new: [tensor([100.], device='cuda:0'), tensor([100.], device='cuda:0'), tensor([100.], device='cuda:0')], top5: tensor([100.], device='cuda:0')
0.00030  5.70 l 59.29  | 0.596    84.553    90.447    0.8707    0.3000 | 0.349    98.958    0.993 | 0.325     100.000    1.000 |  2 hr 23 min  0 5699

At iteration: 5740

Smoothing after 50
e: known: [tensor([100.], device='cuda:0'), tensor([100.], device='cuda:0'), tensor([100.], device='cuda:0')], new: [tensor([100.], device='cuda:0'), tensor([100.], device='cuda:0'), tensor([100.], device='cuda:0')], top5: tensor([100.], device='cuda:0')
0.00030  5.75 l 59.81  | 0.596    84.553    90.447    0.8707    0.3000 | 0.347    99.208    0.996 | 0.295     100.000    1.000 |  2 hr 25 min  0 5749

Smoothing after 50
e: known: [tensor([100.], device='cuda:0'), tensor([100.], device='cuda:0'), tensor([100.], device='cuda:0')], new: [tensor([100.], device='cuda:0'), tensor([100.], device='cuda:0'), tensor([100.], device='cuda:0')], top5: tensor([100.], device='cuda:0')
0.00030  5.80 l 60.33  | 0.596    84.553    90.447    0.8707    0.3000 | 0.342    99.000    0.994 | 0.339     100.000    1.000 |  2 hr 26 min  0 5799
0.00030  5.80 v 60.34  | 0.622    84.350    90.447    91.667    0.8699    0.3000 | 0.342    99.000    0.994 | 0.339     100.000    1.000 |  2 hr 26 min

At iteration: 5810

Smoothing after 50
e: known: [tensor([100.], device='cuda:0'), tensor([100.], device='cuda:0'), tensor([100.], device='cuda:0')], new: [tensor([100.], device='cuda:0'), tensor([100.], device='cuda:0'), tensor([100.], device='cuda:0')], top5: tensor([100.], device='cuda:0')
0.00030  5.85 l 60.85  | 0.622    84.350    90.447    0.8699    0.3000 | 0.334    98.917    0.994 | 0.328     100.000    1.000 |  2 hr 28 min  0 5849

At iteration: 5880

Smoothing after 50
e: known: [tensor([97.2222], device='cuda:0'), tensor([97.2222], device='cuda:0'), tensor([100.], device='cuda:0')], new: [tensor([100.], device='cuda:0'), tensor([100.], device='cuda:0'), tensor([100.], device='cuda:0')], top5: tensor([97.9167], device='cuda:0')
0.00030  5.90 l 61.37  | 0.622    84.350    90.447    0.8699    0.3000 | 0.332    98.917    0.993 | 0.361     97.917    0.979 |  2 hr 29 min  0 5899

Smoothing after 50
e: known: [tensor([97.2222], device='cuda:0'), tensor([100.], device='cuda:0'), tensor([100.], device='cuda:0')], new: [tensor([100.], device='cuda:0'), tensor([100.], device='cuda:0'), tensor([100.], device='cuda:0')], top5: tensor([100.], device='cuda:0')
0.00030  5.95 l 61.89  | 0.622    84.350    90.447    0.8699    0.3000 | 0.323    99.458    0.997 | 0.339     97.917    0.990 |  2 hr 30 min  0 5949

At iteration: 5950

Smoothing after 50
e: known: [tensor([100.], device='cuda:0'), tensor([100.], device='cuda:0'), tensor([100.], device='cuda:0')], new: [tensor([100.], device='cuda:0'), tensor([100.], device='cuda:0'), tensor([100.], device='cuda:0')], top5: tensor([100.], device='cuda:0')
0.00030  6.00 l 62.41  | 0.622    84.350    90.447    0.8699    0.3000 | 0.334    99.458    0.997 | 0.342     100.000    1.000 |  2 hr 32 min  0 5999
New max valid for this run
Saving current features. Best valid acc. found.
0.00030  6.00 v 62.42  | 0.609    84.756    90.447    91.463    0.8717    0.4000 | 0.334    99.458    0.997 | 0.342     100.000    1.000 |  2 hr 35 min

At iteration: 6020

Smoothing after 50
e: known: [tensor([97.2222], device='cuda:0'), tensor([97.2222], device='cuda:0'), tensor([97.2222], device='cuda:0')], new: [tensor([100.], device='cuda:0'), tensor([100.], device='cuda:0'), tensor([100.], device='cuda:0')], top5: tensor([97.9167], device='cuda:0')
0.00030  6.05 l 62.93  | 0.609    84.756    90.447    0.8717    0.4000 | 0.313    99.167    0.995 | 0.356     97.917    0.979 |  2 hr 36 min  0 6049

At iteration: 6090

Smoothing after 50
e: known: [tensor([97.2222], device='cuda:0'), tensor([100.], device='cuda:0'), tensor([100.], device='cuda:0')], new: [tensor([100.], device='cuda:0'), tensor([100.], device='cuda:0'), tensor([100.], device='cuda:0')], top5: tensor([100.], device='cuda:0')
0.00030  6.10 l 63.45  | 0.609    84.756    90.447    0.8717    0.4000 | 0.313    99.250    0.996 | 0.273     97.917    0.990 |  2 hr 37 min  0 6099

Smoothing after 50
e: known: [tensor([97.2222], device='cuda:0'), tensor([100.], device='cuda:0'), tensor([100.], device='cuda:0')], new: [tensor([100.], device='cuda:0'), tensor([100.], device='cuda:0'), tensor([100.], device='cuda:0')], top5: tensor([100.], device='cuda:0')
0.00030  6.15 l 63.97  | 0.609    84.756    90.447    0.8717    0.4000 | 0.314    98.917    0.994 | 0.331     97.917    0.990 |  2 hr 38 min  0 6149

At iteration: 6160

Smoothing after 50
e: known: [tensor([100.], device='cuda:0'), tensor([100.], device='cuda:0'), tensor([100.], device='cuda:0')], new: [tensor([100.], device='cuda:0'), tensor([100.], device='cuda:0'), tensor([100.], device='cuda:0')], top5: tensor([100.], device='cuda:0')
0.00030  6.20 l 64.49  | 0.609    84.756    90.447    0.8717    0.4000 | 0.303    99.000    0.994 | 0.313     100.000    1.000 |  2 hr 39 min  0 6199
0.00030  6.20 v 64.50  | 0.589    83.537    90.244    91.463    0.8623    0.4000 | 0.303    99.000    0.994 | 0.313     100.000    1.000 |  2 hr 40 min

At iteration: 6230

Smoothing after 50
e: known: [tensor([100.], device='cuda:0'), tensor([100.], device='cuda:0'), tensor([100.], device='cuda:0')], new: [tensor([100.], device='cuda:0'), tensor([100.], device='cuda:0'), tensor([100.], device='cuda:0')], top5: tensor([100.], device='cuda:0')
0.00030  6.25 l 65.01  | 0.589    83.537    90.244    0.8623    0.4000 | 0.312    99.042    0.995 | 0.285     100.000    1.000 |  2 hr 41 min  0 6249

Smoothing after 50
e: known: [tensor([100.], device='cuda:0'), tensor([100.], device='cuda:0'), tensor([100.], device='cuda:0')], new: [tensor([100.], device='cuda:0'), tensor([100.], device='cuda:0'), tensor([100.], device='cuda:0')], top5: tensor([100.], device='cuda:0')
0.00030  6.30 l 65.53  | 0.589    83.537    90.244    0.8623    0.4000 | 0.314    98.875    0.994 | 0.413     100.000    1.000 |  2 hr 42 min  0 6299

At iteration: 6300

Smoothing after 50
e: known: [tensor([100.], device='cuda:0'), tensor([100.], device='cuda:0'), tensor([100.], device='cuda:0')], new: [tensor([100.], device='cuda:0'), tensor([100.], device='cuda:0'), tensor([100.], device='cuda:0')], top5: tensor([100.], device='cuda:0')
0.00030  6.35 l 66.05  | 0.589    83.537    90.244    0.8623    0.4000 | 0.299    98.917    0.994 | 0.289     100.000    1.000 |  2 hr 44 min  0 6349

At iteration: 6370

Smoothing after 50
e: known: [tensor([97.2222], device='cuda:0'), tensor([100.], device='cuda:0'), tensor([100.], device='cuda:0')], new: [tensor([100.], device='cuda:0'), tensor([100.], device='cuda:0'), tensor([100.], device='cuda:0')], top5: tensor([100.], device='cuda:0')
0.00030  6.40 l 66.57  | 0.589    83.537    90.244    0.8623    0.4000 | 0.302    99.250    0.996 | 0.329     97.917    0.986 |  2 hr 45 min  0 6399
0.00030  6.40 v 66.58  | 0.621    84.553    90.041    90.854    0.8684    0.3000 | 0.302    99.250    0.996 | 0.329     97.917    0.986 |  2 hr 45 min

At iteration: 6440

Smoothing after 50
e: known: [tensor([100.], device='cuda:0'), tensor([100.], device='cuda:0'), tensor([100.], device='cuda:0')], new: [tensor([100.], device='cuda:0'), tensor([100.], device='cuda:0'), tensor([100.], device='cuda:0')], top5: tensor([100.], device='cuda:0')
0.00030  6.45 l 67.09  | 0.621    84.553    90.041    0.8684    0.3000 | 0.304    98.875    0.994 | 0.292     100.000    1.000 |  2 hr 46 min  0 6449

Smoothing after 50
e: known: [tensor([97.2222], device='cuda:0'), tensor([100.], device='cuda:0'), tensor([100.], device='cuda:0')], new: [tensor([100.], device='cuda:0'), tensor([100.], device='cuda:0'), tensor([100.], device='cuda:0')], top5: tensor([100.], device='cuda:0')
0.00030  6.50 l 67.61  | 0.621    84.553    90.041    0.8684    0.3000 | 0.297    99.208    0.995 | 0.351     97.917    0.990 |  2 hr 48 min  0 6499

At iteration: 6510

Smoothing after 50
e: known: [tensor([97.2222], device='cuda:0'), tensor([100.], device='cuda:0'), tensor([100.], device='cuda:0')], new: [tensor([100.], device='cuda:0'), tensor([100.], device='cuda:0'), tensor([100.], device='cuda:0')], top5: tensor([100.], device='cuda:0')
0.00030  6.55 l 68.13  | 0.621    84.553    90.041    0.8684    0.3000 | 0.282    99.458    0.997 | 0.270     97.917    0.990 |  2 hr 49 min  0 6549

At iteration: 6580

Smoothing after 50
e: known: [tensor([100.], device='cuda:0'), tensor([100.], device='cuda:0'), tensor([100.], device='cuda:0')], new: [tensor([100.], device='cuda:0'), tensor([100.], device='cuda:0'), tensor([100.], device='cuda:0')], top5: tensor([100.], device='cuda:0')
0.00030  6.60 l 68.65  | 0.621    84.553    90.041    0.8684    0.3000 | 0.288    98.958    0.994 | 0.266     100.000    1.000 |  2 hr 50 min  0 6599
0.00030  6.60 v 68.66  | 0.580    84.756    90.447    92.276    0.8713    0.3000 | 0.288    98.958    0.994 | 0.266     100.000    1.000 |  2 hr 51 min

Smoothing after 50
e: known: [tensor([100.], device='cuda:0'), tensor([100.], device='cuda:0'), tensor([100.], device='cuda:0')], new: [tensor([100.], device='cuda:0'), tensor([100.], device='cuda:0'), tensor([100.], device='cuda:0')], top5: tensor([100.], device='cuda:0')
0.00030  6.65 l 69.17  | 0.580    84.756    90.447    0.8713    0.3000 | 0.295    98.833    0.993 | 0.236     100.000    1.000 |  2 hr 52 min  0 6649

At iteration: 6650

Smoothing after 50
e: known: [tensor([100.], device='cuda:0'), tensor([100.], device='cuda:0'), tensor([100.], device='cuda:0')], new: [tensor([100.], device='cuda:0'), tensor([100.], device='cuda:0'), tensor([100.], device='cuda:0')], top5: tensor([100.], device='cuda:0')
0.00030  6.70 l 69.69  | 0.580    84.756    90.447    0.8713    0.3000 | 0.277    99.333    0.996 | 0.261     100.000    1.000 |  2 hr 53 min  0 6699

At iteration: 6720

Smoothing after 50
e: known: [tensor([100.], device='cuda:0'), tensor([100.], device='cuda:0'), tensor([100.], device='cuda:0')], new: [tensor([100.], device='cuda:0'), tensor([100.], device='cuda:0'), tensor([100.], device='cuda:0')], top5: tensor([100.], device='cuda:0')
0.00030  6.75 l 70.21  | 0.580    84.756    90.447    0.8713    0.3000 | 0.284    98.917    0.994 | 0.250     100.000    1.000 |  2 hr 55 min  0 6749

At iteration: 6790

Smoothing after 50
e: known: [tensor([100.], device='cuda:0'), tensor([100.], device='cuda:0'), tensor([100.], device='cuda:0')], new: [tensor([100.], device='cuda:0'), tensor([100.], device='cuda:0'), tensor([100.], device='cuda:0')], top5: tensor([100.], device='cuda:0')
0.00030  6.80 l 70.73  | 0.580    84.756    90.447    0.8713    0.3000 | 0.293    98.917    0.993 | 0.227     100.000    1.000 |  2 hr 56 min  0 6799
0.00030  6.80 v 70.74  | 0.585    84.553    89.634    90.854    0.8668    0.3000 | 0.293    98.917    0.993 | 0.227     100.000    1.000 |  2 hr 56 min

Smoothing after 50
e: known: [tensor([100.], device='cuda:0'), tensor([100.], device='cuda:0'), tensor([100.], device='cuda:0')], new: [tensor([100.], device='cuda:0'), tensor([100.], device='cuda:0'), tensor([100.], device='cuda:0')], top5: tensor([100.], device='cuda:0')
0.00030  6.85 l 71.25  | 0.585    84.553    89.634    0.8668    0.3000 | 0.274    99.250    0.996 | 0.238     100.000    1.000 |  2 hr 57 min  0 6849

At iteration: 6860

Smoothing after 50
e: known: [tensor([100.], device='cuda:0'), tensor([100.], device='cuda:0'), tensor([100.], device='cuda:0')], new: [tensor([100.], device='cuda:0'), tensor([100.], device='cuda:0'), tensor([100.], device='cuda:0')], top5: tensor([100.], device='cuda:0')
0.00030  6.90 l 71.77  | 0.585    84.553    89.634    0.8668    0.3000 | 0.275    99.167    0.995 | 0.273     100.000    1.000 |  2 hr 58 min  0 6899

At iteration: 6930

Smoothing after 50
e: known: [tensor([100.], device='cuda:0'), tensor([100.], device='cuda:0'), tensor([100.], device='cuda:0')], new: [tensor([100.], device='cuda:0'), tensor([100.], device='cuda:0'), tensor([100.], device='cuda:0')], top5: tensor([100.], device='cuda:0')
0.00030  6.95 l 72.29  | 0.585    84.553    89.634    0.8668    0.3000 | 0.272    99.250    0.996 | 0.295     100.000    1.000 |  3 hr 00 min  0 6949

Smoothing after 50
e: known: [tensor([97.2222], device='cuda:0'), tensor([100.], device='cuda:0'), tensor([100.], device='cuda:0')], new: [tensor([100.], device='cuda:0'), tensor([100.], device='cuda:0'), tensor([100.], device='cuda:0')], top5: tensor([100.], device='cuda:0')
0.00030  7.00 l 72.81  | 0.585    84.553    89.634    0.8668    0.3000 | 0.288    99.250    0.995 | 0.277     97.917    0.990 |  3 hr 01 min  0 6999

At iteration: 7000
0.00030  7.00 v 72.82  | 0.588    84.350    90.650    91.463    0.8704    0.3000 | 0.288    99.250    0.995 | 0.277     97.917    0.990 |  3 hr 01 min

Smoothing after 50
e: known: [tensor([100.], device='cuda:0'), tensor([100.], device='cuda:0'), tensor([100.], device='cuda:0')], new: [tensor([100.], device='cuda:0'), tensor([100.], device='cuda:0'), tensor([100.], device='cuda:0')], top5: tensor([100.], device='cuda:0')
0.00030  7.05 l 73.33  | 0.588    84.350    90.650    0.8704    0.3000 | 0.268    98.875    0.993 | 0.283     100.000    1.000 |  3 hr 02 min  0 7049

At iteration: 7070

Smoothing after 50
e: known: [tensor([100.], device='cuda:0'), tensor([100.], device='cuda:0'), tensor([100.], device='cuda:0')], new: [tensor([100.], device='cuda:0'), tensor([100.], device='cuda:0'), tensor([100.], device='cuda:0')], top5: tensor([100.], device='cuda:0')
0.00030  7.10 l 73.85  | 0.588    84.350    90.650    0.8704    0.3000 | 0.270    99.083    0.995 | 0.252     100.000    1.000 |  3 hr 03 min  0 7099

At iteration: 7140

Smoothing after 50
e: known: [tensor([97.2222], device='cuda:0'), tensor([100.], device='cuda:0'), tensor([100.], device='cuda:0')], new: [tensor([100.], device='cuda:0'), tensor([100.], device='cuda:0'), tensor([100.], device='cuda:0')], top5: tensor([100.], device='cuda:0')
0.00030  7.15 l 74.37  | 0.588    84.350    90.650    0.8704    0.3000 | 0.260    99.042    0.995 | 0.254     97.917    0.990 |  3 hr 05 min  0 7149

Smoothing after 50
e: known: [tensor([100.], device='cuda:0'), tensor([100.], device='cuda:0'), tensor([100.], device='cuda:0')], new: [tensor([100.], device='cuda:0'), tensor([100.], device='cuda:0'), tensor([100.], device='cuda:0')], top5: tensor([100.], device='cuda:0')
0.00030  7.20 l 74.89  | 0.588    84.350    90.650    0.8704    0.3000 | 0.256    99.208    0.996 | 0.278     100.000    1.000 |  3 hr 06 min  0 7199
0.00030  7.20 v 74.90  | 0.582    84.350    91.260    91.667    0.8711    0.3000 | 0.256    99.208    0.996 | 0.278     100.000    1.000 |  3 hr 06 min

At iteration: 7210

Smoothing after 50
e: known: [tensor([100.], device='cuda:0'), tensor([100.], device='cuda:0'), tensor([100.], device='cuda:0')], new: [tensor([100.], device='cuda:0'), tensor([100.], device='cuda:0'), tensor([100.], device='cuda:0')], top5: tensor([100.], device='cuda:0')
0.00030  7.25 l 75.41  | 0.582    84.350    91.260    0.8711    0.3000 | 0.261    99.125    0.995 | 0.274     100.000    1.000 |  3 hr 07 min  0 7249

At iteration: 7280

Smoothing after 50
e: known: [tensor([97.2222], device='cuda:0'), tensor([100.], device='cuda:0'), tensor([100.], device='cuda:0')], new: [tensor([100.], device='cuda:0'), tensor([100.], device='cuda:0'), tensor([100.], device='cuda:0')], top5: tensor([100.], device='cuda:0')
0.00030  7.30 l 75.93  | 0.582    84.350    91.260    0.8711    0.3000 | 0.267    99.208    0.995 | 0.255     97.917    0.990 |  3 hr 08 min  0 7299

Smoothing after 50
e: known: [tensor([100.], device='cuda:0'), tensor([100.], device='cuda:0'), tensor([100.], device='cuda:0')], new: [tensor([100.], device='cuda:0'), tensor([100.], device='cuda:0'), tensor([100.], device='cuda:0')], top5: tensor([100.], device='cuda:0')
0.00030  7.35 l 76.45  | 0.582    84.350    91.260    0.8711    0.3000 | 0.259    99.250    0.996 | 0.212     100.000    1.000 |  3 hr 09 min  0 7349

At iteration: 7350

Smoothing after 50
e: known: [tensor([100.], device='cuda:0'), tensor([100.], device='cuda:0'), tensor([100.], device='cuda:0')], new: [tensor([100.], device='cuda:0'), tensor([100.], device='cuda:0'), tensor([100.], device='cuda:0')], top5: tensor([100.], device='cuda:0')
0.00030  7.40 l 76.97  | 0.582    84.350    91.260    0.8711    0.3000 | 0.262    99.125    0.995 | 0.225     100.000    1.000 |  3 hr 11 min  0 7399
0.00030  7.40 v 76.98  | 0.587    83.943    90.041    91.667    0.8665    0.3000 | 0.262    99.125    0.995 | 0.225     100.000    1.000 |  3 hr 11 min

At iteration: 7420

Smoothing after 50
e: known: [tensor([100.], device='cuda:0'), tensor([100.], device='cuda:0'), tensor([100.], device='cuda:0')], new: [tensor([100.], device='cuda:0'), tensor([100.], device='cuda:0'), tensor([100.], device='cuda:0')], top5: tensor([100.], device='cuda:0')
0.00030  7.45 l 77.49  | 0.587    83.943    90.041    0.8665    0.3000 | 0.245    99.333    0.996 | 0.205     100.000    1.000 |  3 hr 12 min  0 7449

At iteration: 7490

Smoothing after 50
e: known: [tensor([100.], device='cuda:0'), tensor([100.], device='cuda:0'), tensor([100.], device='cuda:0')], new: [tensor([100.], device='cuda:0'), tensor([100.], device='cuda:0'), tensor([100.], device='cuda:0')], top5: tensor([100.], device='cuda:0')
0.00030  7.50 l 78.01  | 0.587    83.943    90.041    0.8665    0.3000 | 0.249    99.375    0.996 | 0.227     100.000    1.000 |  3 hr 13 min  0 7499

Smoothing after 50
e: known: [tensor([100.], device='cuda:0'), tensor([100.], device='cuda:0'), tensor([100.], device='cuda:0')], new: [tensor([100.], device='cuda:0'), tensor([100.], device='cuda:0'), tensor([100.], device='cuda:0')], top5: tensor([100.], device='cuda:0')
0.00030  7.55 l 78.53  | 0.587    83.943    90.041    0.8665    0.3000 | 0.254    99.250    0.996 | 0.242     100.000    1.000 |  3 hr 14 min  0 7549

At iteration: 7560

Smoothing after 50
e: known: [tensor([97.2222], device='cuda:0'), tensor([100.], device='cuda:0'), tensor([100.], device='cuda:0')], new: [tensor([100.], device='cuda:0'), tensor([100.], device='cuda:0'), tensor([100.], device='cuda:0')], top5: tensor([100.], device='cuda:0')
0.00030  7.60 l 79.05  | 0.587    83.943    90.041    0.8665    0.3000 | 0.250    99.208    0.996 | 0.233     97.917    0.986 |  3 hr 16 min  0 7599
New max valid for this run
Saving current features. Best valid acc. found.
0.00030  7.60 v 79.06  | 0.575    84.959    90.854    92.073    0.8735    0.3000 | 0.250    99.208    0.996 | 0.233     97.917    0.986 |  3 hr 18 min

At iteration: 7630

Smoothing after 50
e: known: [tensor([100.], device='cuda:0'), tensor([100.], device='cuda:0'), tensor([100.], device='cuda:0')], new: [tensor([100.], device='cuda:0'), tensor([100.], device='cuda:0'), tensor([100.], device='cuda:0')], top5: tensor([100.], device='cuda:0')
0.00030  7.65 l 79.57  | 0.575    84.959    90.854    0.8735    0.3000 | 0.249    99.250    0.996 | 0.225     100.000    1.000 |  3 hr 19 min  0 7649

Smoothing after 50
e: known: [tensor([97.2222], device='cuda:0'), tensor([100.], device='cuda:0'), tensor([100.], device='cuda:0')], new: [tensor([91.6667], device='cuda:0'), tensor([100.], device='cuda:0'), tensor([100.], device='cuda:0')], top5: tensor([100.], device='cuda:0')
0.00030  7.70 l 80.09  | 0.575    84.959    90.854    0.8735    0.3000 | 0.254    98.958    0.994 | 0.294     95.833    0.979 |  3 hr 20 min  0 7699

At iteration: 7700

Smoothing after 50
e: known: [tensor([100.], device='cuda:0'), tensor([100.], device='cuda:0'), tensor([100.], device='cuda:0')], new: [tensor([100.], device='cuda:0'), tensor([100.], device='cuda:0'), tensor([100.], device='cuda:0')], top5: tensor([100.], device='cuda:0')
0.00030  7.75 l 80.61  | 0.575    84.959    90.854    0.8735    0.3000 | 0.240    99.417    0.997 | 0.259     100.000    1.000 |  3 hr 21 min  0 7749

At iteration: 7770

Smoothing after 50
e: known: [tensor([97.2222], device='cuda:0'), tensor([100.], device='cuda:0'), tensor([100.], device='cuda:0')], new: [tensor([100.], device='cuda:0'), tensor([100.], device='cuda:0'), tensor([100.], device='cuda:0')], top5: tensor([100.], device='cuda:0')
0.00030  7.80 l 81.13  | 0.575    84.959    90.854    0.8735    0.3000 | 0.243    98.917    0.994 | 0.229     97.917    0.990 |  3 hr 23 min  0 7799
New max valid for this run
Saving current features. Best valid acc. found.
0.00030  7.80 v 81.14  | 0.579    85.569    90.650    91.463    0.8756    0.3000 | 0.243    98.917    0.994 | 0.229     97.917    0.990 |  3 hr 25 min

At iteration: 7840

Smoothing after 50
e: known: [tensor([100.], device='cuda:0'), tensor([100.], device='cuda:0'), tensor([100.], device='cuda:0')], new: [tensor([100.], device='cuda:0'), tensor([100.], device='cuda:0'), tensor([100.], device='cuda:0')], top5: tensor([100.], device='cuda:0')
0.00030  7.85 l 81.65  | 0.579    85.569    90.650    0.8756    0.3000 | 0.239    99.458    0.997 | 0.264     100.000    1.000 |  3 hr 26 min  0 7849

Smoothing after 50
e: known: [tensor([100.], device='cuda:0'), tensor([100.], device='cuda:0'), tensor([100.], device='cuda:0')], new: [tensor([100.], device='cuda:0'), tensor([100.], device='cuda:0'), tensor([100.], device='cuda:0')], top5: tensor([100.], device='cuda:0')
0.00030  7.90 l 82.17  | 0.579    85.569    90.650    0.8756    0.3000 | 0.232    99.375    0.996 | 0.196     100.000    1.000 |  3 hr 27 min  0 7899

At iteration: 7910

Smoothing after 50
e: known: [tensor([100.], device='cuda:0'), tensor([100.], device='cuda:0'), tensor([100.], device='cuda:0')], new: [tensor([100.], device='cuda:0'), tensor([100.], device='cuda:0'), tensor([100.], device='cuda:0')], top5: tensor([100.], device='cuda:0')
0.00030  7.95 l 82.69  | 0.579    85.569    90.650    0.8756    0.3000 | 0.239    99.208    0.995 | 0.275     100.000    1.000 |  3 hr 28 min  0 7949

At iteration: 7980

Smoothing after 50
e: known: [tensor([100.], device='cuda:0'), tensor([100.], device='cuda:0'), tensor([100.], device='cuda:0')], new: [tensor([100.], device='cuda:0'), tensor([100.], device='cuda:0'), tensor([100.], device='cuda:0')], top5: tensor([100.], device='cuda:0')
0.00030  8.00 l 83.21  | 0.579    85.569    90.650    0.8756    0.3000 | 0.237    99.042    0.995 | 0.188     100.000    1.000 |  3 hr 30 min  0 7999
0.00030  8.00 v 83.22  | 0.573    84.146    90.041    91.463    0.8674    0.3000 | 0.237    99.042    0.995 | 0.188     100.000    1.000 |  3 hr 30 min

Smoothing after 50
e: known: [tensor([100.], device='cuda:0'), tensor([100.], device='cuda:0'), tensor([100.], device='cuda:0')], new: [tensor([100.], device='cuda:0'), tensor([100.], device='cuda:0'), tensor([100.], device='cuda:0')], top5: tensor([100.], device='cuda:0')
0.00030  8.05 l 83.73  | 0.573    84.146    90.041    0.8674    0.3000 | 0.235    99.333    0.996 | 0.227     100.000    1.000 |  3 hr 31 min  0 8049

At iteration: 8050

Smoothing after 50
e: known: [tensor([100.], device='cuda:0'), tensor([100.], device='cuda:0'), tensor([100.], device='cuda:0')], new: [tensor([100.], device='cuda:0'), tensor([100.], device='cuda:0'), tensor([100.], device='cuda:0')], top5: tensor([100.], device='cuda:0')
0.00030  8.10 l 84.25  | 0.573    84.146    90.041    0.8674    0.3000 | 0.230    99.333    0.997 | 0.199     100.000    1.000 |  3 hr 32 min  0 8099

At iteration: 8120

Smoothing after 50
e: known: [tensor([100.], device='cuda:0'), tensor([100.], device='cuda:0'), tensor([100.], device='cuda:0')], new: [tensor([100.], device='cuda:0'), tensor([100.], device='cuda:0'), tensor([100.], device='cuda:0')], top5: tensor([100.], device='cuda:0')
0.00030  8.15 l 84.78  | 0.573    84.146    90.041    0.8674    0.3000 | 0.235    99.458    0.997 | 0.241     100.000    1.000 |  3 hr 33 min  0 8149

At iteration: 8190

Smoothing after 50
e: known: [tensor([100.], device='cuda:0'), tensor([100.], device='cuda:0'), tensor([100.], device='cuda:0')], new: [tensor([100.], device='cuda:0'), tensor([100.], device='cuda:0'), tensor([100.], device='cuda:0')], top5: tensor([100.], device='cuda:0')
0.00030  8.20 l 85.30  | 0.573    84.146    90.041    0.8674    0.3000 | 0.236    99.000    0.995 | 0.188     100.000    1.000 |  3 hr 34 min  0 8199
0.00030  8.20 v 85.31  | 0.569    84.959    90.854    91.667    0.8730    0.3000 | 0.236    99.000    0.995 | 0.188     100.000    1.000 |  3 hr 35 min

Smoothing after 50
e: known: [tensor([97.2222], device='cuda:0'), tensor([100.], device='cuda:0'), tensor([100.], device='cuda:0')], new: [tensor([100.], device='cuda:0'), tensor([100.], device='cuda:0'), tensor([100.], device='cuda:0')], top5: tensor([100.], device='cuda:0')
0.00030  8.25 l 85.82  | 0.569    84.959    90.854    0.8730    0.3000 | 0.224    99.458    0.997 | 0.232     97.917    0.986 |  3 hr 36 min  0 8249

At iteration: 8260

Smoothing after 50
e: known: [tensor([100.], device='cuda:0'), tensor([100.], device='cuda:0'), tensor([100.], device='cuda:0')], new: [tensor([100.], device='cuda:0'), tensor([100.], device='cuda:0'), tensor([100.], device='cuda:0')], top5: tensor([100.], device='cuda:0')
0.00030  8.30 l 86.34  | 0.569    84.959    90.854    0.8730    0.3000 | 0.218    99.375    0.997 | 0.193     100.000    1.000 |  3 hr 37 min  0 8299

At iteration: 8330

Smoothing after 50
e: known: [tensor([100.], device='cuda:0'), tensor([100.], device='cuda:0'), tensor([100.], device='cuda:0')], new: [tensor([100.], device='cuda:0'), tensor([100.], device='cuda:0'), tensor([100.], device='cuda:0')], top5: tensor([100.], device='cuda:0')
0.00030  8.35 l 86.86  | 0.569    84.959    90.854    0.8730    0.3000 | 0.230    99.375    0.996 | 0.254     100.000    1.000 |  3 hr 38 min  0 8349

Smoothing after 50
e: known: [tensor([100.], device='cuda:0'), tensor([100.], device='cuda:0'), tensor([100.], device='cuda:0')], new: [tensor([100.], device='cuda:0'), tensor([100.], device='cuda:0'), tensor([100.], device='cuda:0')], top5: tensor([100.], device='cuda:0')
0.00030  8.40 l 87.38  | 0.569    84.959    90.854    0.8730    0.3000 | 0.235    99.125    0.995 | 0.195     100.000    1.000 |  3 hr 39 min  0 8399

At iteration: 8400
0.00030  8.40 v 87.39  | 0.564    84.146    91.260    91.870    0.8704    0.3000 | 0.235    99.125    0.995 | 0.195     100.000    1.000 |  3 hr 40 min

Smoothing after 50
e: known: [tensor([97.2222], device='cuda:0'), tensor([100.], device='cuda:0'), tensor([100.], device='cuda:0')], new: [tensor([100.], device='cuda:0'), tensor([100.], device='cuda:0'), tensor([100.], device='cuda:0')], top5: tensor([100.], device='cuda:0')
0.00030  8.45 l 87.90  | 0.564    84.146    91.260    0.8704    0.3000 | 0.220    99.292    0.996 | 0.207     97.917    0.990 |  3 hr 41 min  0 8449

At iteration: 8470

Smoothing after 50
e: known: [tensor([97.2222], device='cuda:0'), tensor([100.], device='cuda:0'), tensor([100.], device='cuda:0')], new: [tensor([91.6667], device='cuda:0'), tensor([100.], device='cuda:0'), tensor([100.], device='cuda:0')], top5: tensor([100.], device='cuda:0')
0.00030  8.50 l 88.42  | 0.564    84.146    91.260    0.8704    0.3000 | 0.217    99.333    0.996 | 0.212     95.833    0.979 |  3 hr 42 min  0 8499

At iteration: 8540

Smoothing after 50
e: known: [tensor([100.], device='cuda:0'), tensor([100.], device='cuda:0'), tensor([100.], device='cuda:0')], new: [tensor([100.], device='cuda:0'), tensor([100.], device='cuda:0'), tensor([100.], device='cuda:0')], top5: tensor([100.], device='cuda:0')
0.00030  8.55 l 88.94  | 0.564    84.146    91.260    0.8704    0.3000 | 0.210    99.250    0.996 | 0.192     100.000    1.000 |  3 hr 43 min  0 8549

Smoothing after 50
e: known: [tensor([100.], device='cuda:0'), tensor([100.], device='cuda:0'), tensor([100.], device='cuda:0')], new: [tensor([100.], device='cuda:0'), tensor([100.], device='cuda:0'), tensor([100.], device='cuda:0')], top5: tensor([100.], device='cuda:0')
0.00030  8.60 l 89.46  | 0.564    84.146    91.260    0.8704    0.3000 | 0.220    99.125    0.995 | 0.195     100.000    1.000 |  3 hr 44 min  0 8599
0.00030  8.60 v 89.47  | 0.579    84.756    90.244    91.463    0.8705    0.4000 | 0.220    99.125    0.995 | 0.195     100.000    1.000 |  3 hr 44 min

At iteration: 8610

Smoothing after 50
e: known: [tensor([100.], device='cuda:0'), tensor([100.], device='cuda:0'), tensor([100.], device='cuda:0')], new: [tensor([100.], device='cuda:0'), tensor([100.], device='cuda:0'), tensor([100.], device='cuda:0')], top5: tensor([100.], device='cuda:0')
0.00030  8.65 l 89.98  | 0.579    84.756    90.244    0.8705    0.4000 | 0.211    99.417    0.997 | 0.192     100.000    1.000 |  3 hr 46 min  0 8649

At iteration: 8680

Smoothing after 50
e: known: [tensor([100.], device='cuda:0'), tensor([100.], device='cuda:0'), tensor([100.], device='cuda:0')], new: [tensor([100.], device='cuda:0'), tensor([100.], device='cuda:0'), tensor([100.], device='cuda:0')], top5: tensor([100.], device='cuda:0')
0.00030  8.70 l 90.50  | 0.579    84.756    90.244    0.8705    0.4000 | 0.221    99.333    0.997 | 0.234     100.000    1.000 |  3 hr 47 min  0 8699

Smoothing after 50
e: known: [tensor([100.], device='cuda:0'), tensor([100.], device='cuda:0'), tensor([100.], device='cuda:0')], new: [tensor([100.], device='cuda:0'), tensor([100.], device='cuda:0'), tensor([100.], device='cuda:0')], top5: tensor([100.], device='cuda:0')
0.00030  8.75 l 91.02  | 0.579    84.756    90.244    0.8705    0.4000 | 0.225    99.292    0.996 | 0.287     100.000    1.000 |  3 hr 48 min  0 8749

At iteration: 8750

Smoothing after 50
e: known: [tensor([100.], device='cuda:0'), tensor([100.], device='cuda:0'), tensor([100.], device='cuda:0')], new: [tensor([100.], device='cuda:0'), tensor([100.], device='cuda:0'), tensor([100.], device='cuda:0')], top5: tensor([100.], device='cuda:0')
0.00030  8.80 l 91.54  | 0.579    84.756    90.244    0.8705    0.4000 | 0.224    99.417    0.997 | 0.210     100.000    1.000 |  3 hr 49 min  0 8799
0.00030  8.80 v 91.55  | 0.551    84.959    91.057    92.276    0.8742    0.3000 | 0.224    99.417    0.997 | 0.210     100.000    1.000 |  3 hr 49 min

At iteration: 8820

Smoothing after 50
e: known: [tensor([100.], device='cuda:0'), tensor([100.], device='cuda:0'), tensor([100.], device='cuda:0')], new: [tensor([100.], device='cuda:0'), tensor([100.], device='cuda:0'), tensor([100.], device='cuda:0')], top5: tensor([100.], device='cuda:0')
0.00030  8.85 l 92.06  | 0.551    84.959    91.057    0.8742    0.3000 | 0.207    99.417    0.997 | 0.197     100.000    1.000 |  3 hr 50 min  0 8849

At iteration: 8890

Smoothing after 50
e: known: [tensor([100.], device='cuda:0'), tensor([100.], device='cuda:0'), tensor([100.], device='cuda:0')], new: [tensor([100.], device='cuda:0'), tensor([100.], device='cuda:0'), tensor([100.], device='cuda:0')], top5: tensor([100.], device='cuda:0')
0.00030  8.90 l 92.58  | 0.551    84.959    91.057    0.8742    0.3000 | 0.210    99.542    0.997 | 0.152     100.000    1.000 |  3 hr 52 min  0 8899

Smoothing after 50
e: known: [tensor([100.], device='cuda:0'), tensor([100.], device='cuda:0'), tensor([100.], device='cuda:0')], new: [tensor([100.], device='cuda:0'), tensor([100.], device='cuda:0'), tensor([100.], device='cuda:0')], top5: tensor([100.], device='cuda:0')
0.00030  8.95 l 93.10  | 0.551    84.959    91.057    0.8742    0.3000 | 0.210    99.250    0.996 | 0.215     100.000    1.000 |  3 hr 53 min  0 8949

At iteration: 8960

Smoothing after 50
e: known: [tensor([94.4444], device='cuda:0'), tensor([100.], device='cuda:0'), tensor([100.], device='cuda:0')], new: [tensor([100.], device='cuda:0'), tensor([100.], device='cuda:0'), tensor([100.], device='cuda:0')], top5: tensor([100.], device='cuda:0')
0.00030  9.00 l 93.62  | 0.551    84.959    91.057    0.8742    0.3000 | 0.206    99.625    0.998 | 0.185     95.833    0.979 |  3 hr 54 min  0 8999
0.00030  9.00 v 93.63  | 0.576    84.756    90.854    92.276    0.8722    0.3000 | 0.206    99.625    0.998 | 0.185     95.833    0.979 |  3 hr 54 min

At iteration: 9030

Smoothing after 50
e: known: [tensor([94.4444], device='cuda:0'), tensor([100.], device='cuda:0'), tensor([100.], device='cuda:0')], new: [tensor([100.], device='cuda:0'), tensor([100.], device='cuda:0'), tensor([100.], device='cuda:0')], top5: tensor([100.], device='cuda:0')
0.00030  9.05 l 94.14  | 0.576    84.756    90.854    0.8722    0.3000 | 0.202    99.250    0.996 | 0.256     95.833    0.974 |  3 hr 55 min  0 9049

Smoothing after 50
e: known: [tensor([100.], device='cuda:0'), tensor([100.], device='cuda:0'), tensor([100.], device='cuda:0')], new: [tensor([100.], device='cuda:0'), tensor([100.], device='cuda:0'), tensor([100.], device='cuda:0')], top5: tensor([100.], device='cuda:0')
0.00030  9.10 l 94.66  | 0.576    84.756    90.854    0.8722    0.3000 | 0.202    99.583    0.998 | 0.213     100.000    1.000 |  3 hr 57 min  0 9099

At iteration: 9100

Smoothing after 50
e: known: [tensor([97.2222], device='cuda:0'), tensor([100.], device='cuda:0'), tensor([100.], device='cuda:0')], new: [tensor([100.], device='cuda:0'), tensor([100.], device='cuda:0'), tensor([100.], device='cuda:0')], top5: tensor([100.], device='cuda:0')
0.00030  9.15 l 95.18  | 0.576    84.756    90.854    0.8722    0.3000 | 0.197    99.542    0.997 | 0.194     97.917    0.990 |  3 hr 58 min  0 9149

At iteration: 9170

Smoothing after 50
e: known: [tensor([100.], device='cuda:0'), tensor([100.], device='cuda:0'), tensor([100.], device='cuda:0')], new: [tensor([100.], device='cuda:0'), tensor([100.], device='cuda:0'), tensor([100.], device='cuda:0')], top5: tensor([100.], device='cuda:0')
0.00030  9.20 l 95.70  | 0.576    84.756    90.854    0.8722    0.3000 | 0.213    99.208    0.995 | 0.181     100.000    1.000 |  3 hr 59 min  0 9199
